[0.031s] Invoking command in '/home/mbot/mbot_ros_labs/src/build/mbot_slam': CMAKE_PREFIX_PATH=${CMAKE_PREFIX_PATH}:/home/mbot/mbot_ws/install/mbot_vision:/home/mbot/mbot_ws/install/mbot_bringup:/opt/ros/jazzy DEBUGINFOD_URLS=https://debuginfod.ubuntu.com /usr/bin/cmake --build /home/mbot/mbot_ros_labs/src/build/mbot_slam -- -j4 -l4
[0.108s] -- Found ament_cmake: 2.5.4 (/opt/ros/jazzy/share/ament_cmake/cmake)
[0.606s] -- Found rclcpp: 28.1.10 (/opt/ros/jazzy/share/rclcpp/cmake)
[0.654s] -- Found rosidl_generator_c: 4.6.5 (/opt/ros/jazzy/share/rosidl_generator_c/cmake)
[0.668s] -- Found rosidl_generator_cpp: 4.6.5 (/opt/ros/jazzy/share/rosidl_generator_cpp/cmake)
[0.692s] -- Using all available rosidl_typesupport_c: rosidl_typesupport_fastrtps_c;rosidl_typesupport_introspection_c
[0.715s] -- Using all available rosidl_typesupport_cpp: rosidl_typesupport_fastrtps_cpp;rosidl_typesupport_introspection_cpp
[0.816s] -- Found rmw_implementation_cmake: 7.3.2 (/opt/ros/jazzy/share/rmw_implementation_cmake/cmake)
[0.819s] -- Found rmw_fastrtps_cpp: 8.4.2 (/opt/ros/jazzy/share/rmw_fastrtps_cpp/cmake)
[0.952s] -- Using RMW implementation 'rmw_fastrtps_cpp' as default
[1.065s] -- Found sensor_msgs: 5.3.6 (/opt/ros/jazzy/share/sensor_msgs/cmake)
[1.157s] -- Found nav_msgs: 5.3.6 (/opt/ros/jazzy/share/nav_msgs/cmake)
[1.195s] -- Found nav2_msgs: 1.3.7 (/opt/ros/jazzy/share/nav2_msgs/cmake)
[1.365s] -- Found tf2: 0.36.12 (/opt/ros/jazzy/share/tf2/cmake)
[1.372s] -- Found tf2_ros: 0.36.12 (/opt/ros/jazzy/share/tf2_ros/cmake)
[1.489s] -- Found tf2_geometry_msgs: 0.36.12 (/opt/ros/jazzy/share/tf2_geometry_msgs/cmake)
[1.495s] -- Found eigen3_cmake_module: 0.3.0 (/opt/ros/jazzy/share/eigen3_cmake_module/cmake)
[1.497s] -- Ensuring Eigen3 include directory is part of orocos-kdl CMake target
[1.511s] -- Found ament_lint_auto: 0.17.2 (/opt/ros/jazzy/share/ament_lint_auto/cmake)
[1.761s] -- Added test 'cppcheck' to perform static code analysis on C / C++ code
[1.761s] -- Configured cppcheck include dirs: /home/mbot/mbot_ros_labs/src/mbot_slam/include
[1.761s] -- Configured cppcheck exclude dirs and/or files: 
[1.762s] -- Added test 'lint_cmake' to check CMake code style
[1.765s] -- Added test 'uncrustify' to check C / C++ code style
[1.766s] -- Configured uncrustify additional arguments: 
[1.766s] -- Added test 'xmllint' to check XML markup files
[1.768s] -- Configuring done (1.7s)
[1.809s] -- Generating done (0.0s)
[1.827s] -- Build files have been written to: /home/mbot/mbot_ros_labs/src/build/mbot_slam
[1.991s] [ 12%] [32mBuilding CXX object CMakeFiles/slam_node.dir/src/sensor_model.cpp.o[0m
[1.993s] [ 25%] [32mBuilding CXX object CMakeFiles/slam_node.dir/src/action_model.cpp.o[0m
[1.994s] [ 37%] [32mBuilding CXX object CMakeFiles/slam_node.dir/src/particle_filter.cpp.o[0m
[2.001s] [ 50%] [32mBuilding CXX object CMakeFiles/slam_node.dir/src/mapping.cpp.o[0m
[3.987s] [ 62%] [32mBuilding CXX object CMakeFiles/slam_node.dir/src/moving_laser_scan.cpp.o[0m
[5.508s] [ 75%] [32mBuilding CXX object CMakeFiles/slam_node.dir/src/obstacle_distance_grid.cpp.o[0m
[8.677s] [ 87%] [32mBuilding CXX object CMakeFiles/slam_node.dir/src/slam_node.cpp.o[0m
[44.858s] [100%] [32m[1mLinking CXX executable slam_node[0m
[46.674s] [100%] Built target slam_node
[46.699s] Invoked command in '/home/mbot/mbot_ros_labs/src/build/mbot_slam' returned '0': CMAKE_PREFIX_PATH=${CMAKE_PREFIX_PATH}:/home/mbot/mbot_ws/install/mbot_vision:/home/mbot/mbot_ws/install/mbot_bringup:/opt/ros/jazzy DEBUGINFOD_URLS=https://debuginfod.ubuntu.com /usr/bin/cmake --build /home/mbot/mbot_ros_labs/src/build/mbot_slam -- -j4 -l4
[46.723s] Invoking command in '/home/mbot/mbot_ros_labs/src/build/mbot_slam': CMAKE_PREFIX_PATH=${CMAKE_PREFIX_PATH}:/home/mbot/mbot_ws/install/mbot_vision:/home/mbot/mbot_ws/install/mbot_bringup:/opt/ros/jazzy DEBUGINFOD_URLS=https://debuginfod.ubuntu.com /usr/bin/cmake --install /home/mbot/mbot_ros_labs/src/build/mbot_slam
[46.743s] -- Install configuration: ""
[46.743s] -- Installing: /home/mbot/mbot_ros_labs/src/install/mbot_slam/include
[46.743s] -- Installing: /home/mbot/mbot_ros_labs/src/install/mbot_slam/include/sensor_model.hpp
[46.744s] -- Installing: /home/mbot/mbot_ros_labs/src/install/mbot_slam/include/slam_utils.hpp
[46.744s] -- Installing: /home/mbot/mbot_ros_labs/src/install/mbot_slam/include/action_model.hpp
[46.745s] -- Installing: /home/mbot/mbot_ros_labs/src/install/mbot_slam/include/obstacle_distance_grid.hpp
[46.745s] -- Installing: /home/mbot/mbot_ros_labs/src/install/mbot_slam/include/moving_laser_scan.hpp
[46.745s] -- Installing: /home/mbot/mbot_ros_labs/src/install/mbot_slam/include/mapping.hpp
[46.745s] -- Installing: /home/mbot/mbot_ros_labs/src/install/mbot_slam/include/particle_filter.hpp
[46.746s] -- Installing: /home/mbot/mbot_ros_labs/src/install/mbot_slam/share/mbot_slam/rviz
[46.746s] -- Installing: /home/mbot/mbot_ros_labs/src/install/mbot_slam/share/mbot_slam/rviz/slam.rviz
[46.746s] -- Installing: /home/mbot/mbot_ros_labs/src/install/mbot_slam/lib/mbot_slam/slam_node
[46.764s] -- Set non-toolchain portion of runtime path of "/home/mbot/mbot_ros_labs/src/install/mbot_slam/lib/mbot_slam/slam_node" to ""
[46.764s] -- Installing: /home/mbot/mbot_ros_labs/src/install/mbot_slam/share/mbot_slam//maps
[46.764s] -- Installing: /home/mbot/mbot_ros_labs/src/install/mbot_slam/share/mbot_slam//maps/.placeholder
[46.764s] -- Installing: /home/mbot/mbot_ros_labs/src/install/mbot_slam/share/mbot_slam//maps/map_name.pgm
[46.768s] -- Installing: /home/mbot/mbot_ros_labs/src/install/mbot_slam/share/mbot_slam//maps/map_name.yaml
[46.769s] -- Installing: /home/mbot/mbot_ros_labs/src/install/mbot_slam/share/ament_index/resource_index/package_run_dependencies/mbot_slam
[46.769s] -- Installing: /home/mbot/mbot_ros_labs/src/install/mbot_slam/share/ament_index/resource_index/parent_prefix_path/mbot_slam
[46.770s] -- Installing: /home/mbot/mbot_ros_labs/src/install/mbot_slam/share/mbot_slam/environment/ament_prefix_path.sh
[46.770s] -- Installing: /home/mbot/mbot_ros_labs/src/install/mbot_slam/share/mbot_slam/environment/ament_prefix_path.dsv
[46.770s] -- Installing: /home/mbot/mbot_ros_labs/src/install/mbot_slam/share/mbot_slam/environment/path.sh
[46.770s] -- Installing: /home/mbot/mbot_ros_labs/src/install/mbot_slam/share/mbot_slam/environment/path.dsv
[46.770s] -- Installing: /home/mbot/mbot_ros_labs/src/install/mbot_slam/share/mbot_slam/local_setup.bash
[46.770s] -- Installing: /home/mbot/mbot_ros_labs/src/install/mbot_slam/share/mbot_slam/local_setup.sh
[46.771s] -- Installing: /home/mbot/mbot_ros_labs/src/install/mbot_slam/share/mbot_slam/local_setup.zsh
[46.771s] -- Installing: /home/mbot/mbot_ros_labs/src/install/mbot_slam/share/mbot_slam/local_setup.dsv
[46.771s] -- Installing: /home/mbot/mbot_ros_labs/src/install/mbot_slam/share/mbot_slam/package.dsv
[46.772s] -- Installing: /home/mbot/mbot_ros_labs/src/install/mbot_slam/share/ament_index/resource_index/packages/mbot_slam
[46.772s] -- Installing: /home/mbot/mbot_ros_labs/src/install/mbot_slam/share/mbot_slam/cmake/mbot_slamConfig.cmake
[46.772s] -- Installing: /home/mbot/mbot_ros_labs/src/install/mbot_slam/share/mbot_slam/cmake/mbot_slamConfig-version.cmake
[46.772s] -- Installing: /home/mbot/mbot_ros_labs/src/install/mbot_slam/share/mbot_slam/package.xml
[46.778s] Invoked command in '/home/mbot/mbot_ros_labs/src/build/mbot_slam' returned '0': CMAKE_PREFIX_PATH=${CMAKE_PREFIX_PATH}:/home/mbot/mbot_ws/install/mbot_vision:/home/mbot/mbot_ws/install/mbot_bringup:/opt/ros/jazzy DEBUGINFOD_URLS=https://debuginfod.ubuntu.com /usr/bin/cmake --install /home/mbot/mbot_ros_labs/src/build/mbot_slam
