-- The C compiler identification is GNU 13.3.0
-- The CXX compiler identification is GNU 13.3.0
-- Detecting C compiler ABI info
-- Detecting C compiler ABI info - done
-- Check for working C compiler: /usr/bin/cc - skipped
-- Detecting C compile features
-- Detecting C compile features - done
-- Detecting CXX compiler ABI info
-- Detecting CXX compiler ABI info - done
-- Check for working CXX compiler: /usr/bin/c++ - skipped
-- Detecting CXX compile features
-- Detecting CXX compile features - done
-- Found ament_cmake: 2.5.4 (/opt/ros/jazzy/share/ament_cmake/cmake)
-- Found Python3: /usr/bin/python3 (found version "3.12.3") found components: Interpreter 
-- Found rclcpp: 28.1.10 (/opt/ros/jazzy/share/rclcpp/cmake)
-- Found rosidl_generator_c: 4.6.5 (/opt/ros/jazzy/share/rosidl_generator_c/cmake)
-- Found rosidl_generator_cpp: 4.6.5 (/opt/ros/jazzy/share/rosidl_generator_cpp/cmake)
-- Using all available rosidl_typesupport_c: rosidl_typesupport_fastrtps_c;rosidl_typesupport_introspection_c
-- Using all available rosidl_typesupport_cpp: rosidl_typesupport_fastrtps_cpp;rosidl_typesupport_introspection_cpp
-- Found rmw_implementation_cmake: 7.3.2 (/opt/ros/jazzy/share/rmw_implementation_cmake/cmake)
-- Found rmw_fastrtps_cpp: 8.4.2 (/opt/ros/jazzy/share/rmw_fastrtps_cpp/cmake)
-- Found OpenSSL: /usr/lib/aarch64-linux-gnu/libcrypto.so (found version "3.0.13")  
-- Found FastRTPS: /opt/ros/jazzy/include (Required is at least version "2.13") 
-- Using RMW implementation 'rmw_fastrtps_cpp' as default
-- Found nav_msgs: 5.3.6 (/opt/ros/jazzy/share/nav_msgs/cmake)
-- Found tf2_ros: 0.36.12 (/opt/ros/jazzy/share/tf2_ros/cmake)
-- Found tf2_geometry_msgs: 0.36.12 (/opt/ros/jazzy/share/tf2_geometry_msgs/cmake)
-- Found eigen3_cmake_module: 0.3.0 (/opt/ros/jazzy/share/eigen3_cmake_module/cmake)
-- Found Eigen3: TRUE (found version "3.4.0") 
-- Ensuring Eigen3 include directory is part of orocos-kdl CMake target
-- Found mbot_interfaces: 0.0.0 (/home/mbot/mbot_ws/install/mbot_interfaces/share/mbot_interfaces/cmake)
-- Found ament_lint_auto: 0.17.2 (/opt/ros/jazzy/share/ament_lint_auto/cmake)
-- Added test 'cppcheck' to perform static code analysis on C / C++ code
-- Configured cppcheck include dirs: /home/mbot/mbot_ros_labs/src/mbot_nav/include
-- Configured cppcheck exclude dirs and/or files: 
-- Added test 'flake8' to check Python code syntax and style conventions
-- Configured 'flake8' exclude dirs and/or files: 
-- Added test 'lint_cmake' to check CMake code style
-- Added test 'pep257' to check Python code against some of the docstring style conventions in PEP 257
-- Added test 'uncrustify' to check C / C++ code style
-- Configured uncrustify additional arguments: 
-- Added test 'xmllint' to check XML markup files
-- Configuring done (4.3s)
-- Generating done (0.0s)
-- Build files have been written to: /home/mbot/mbot_ros_labs/src/build/mbot_nav
[ 11%] [32mBuilding CXX object CMakeFiles/obstacle_distance_grid.dir/src/obstacle_distance_grid.cpp.o[0m
[ 22%] [32m[1mLinking CXX static library libobstacle_distance_grid.a[0m
[ 22%] Built target obstacle_distance_grid
[ 55%] [32mBuilding CXX object CMakeFiles/navigation_node.dir/src/navigation_node.cpp.o[0m
[ 55%] [32mBuilding CXX object CMakeFiles/exploration_node.dir/src/exploration_node.cpp.o[0m
[ 55%] [32mBuilding CXX object CMakeFiles/navigation_node.dir/src/astar.cpp.o[0m
[ 66%] [32mBuilding CXX object CMakeFiles/exploration_node.dir/src/astar.cpp.o[0m
[ 77%] [32mBuilding CXX object CMakeFiles/exploration_node.dir/src/frontier_explorer.cpp.o[0m
[ 88%] [32m[1mLinking CXX executable exploration_node[0m
[ 88%] Built target exploration_node
[100%] [32m[1mLinking CXX executable navigation_node[0m
[100%] Built target navigation_node
-- Install configuration: ""
-- Installing: /home/mbot/mbot_ros_labs/src/install/mbot_nav/lib/mbot_nav/navigation_node
-- Set non-toolchain portion of runtime path of "/home/mbot/mbot_ros_labs/src/install/mbot_nav/lib/mbot_nav/navigation_node" to ""
-- Installing: /home/mbot/mbot_ros_labs/src/install/mbot_nav/lib/mbot_nav/exploration_node
-- Set non-toolchain portion of runtime path of "/home/mbot/mbot_ros_labs/src/install/mbot_nav/lib/mbot_nav/exploration_node" to ""
-- Installing: /home/mbot/mbot_ros_labs/src/install/mbot_nav/lib/libobstacle_distance_grid.a
-- Installing: /home/mbot/mbot_ros_labs/src/install/mbot_nav/share/mbot_nav/include
-- Installing: /home/mbot/mbot_ros_labs/src/install/mbot_nav/share/mbot_nav/include/navigation_node.hpp
-- Installing: /home/mbot/mbot_ros_labs/src/install/mbot_nav/share/mbot_nav/include/obstacle_distance_grid.hpp
-- Installing: /home/mbot/mbot_ros_labs/src/install/mbot_nav/share/mbot_nav/include/exploration_node.hpp
-- Installing: /home/mbot/mbot_ros_labs/src/install/mbot_nav/share/mbot_nav/include/astar.hpp
-- Installing: /home/mbot/mbot_ros_labs/src/install/mbot_nav/share/mbot_nav/include/frontier_explorer.hpp
-- Installing: /home/mbot/mbot_ros_labs/src/install/mbot_nav/share/mbot_nav/maps
-- Installing: /home/mbot/mbot_ros_labs/src/install/mbot_nav/share/mbot_nav/maps/ckpt3_new.yaml
-- Installing: /home/mbot/mbot_ros_labs/src/install/mbot_nav/share/mbot_nav/maps/maze2.pgm
-- Installing: /home/mbot/mbot_ros_labs/src/install/mbot_nav/share/mbot_nav/maps/maze1.pgm
-- Installing: /home/mbot/mbot_ros_labs/src/install/mbot_nav/share/mbot_nav/maps/maze2.yaml
-- Installing: /home/mbot/mbot_ros_labs/src/install/mbot_nav/share/mbot_nav/maps/ckpt3_new.pgm
-- Installing: /home/mbot/mbot_ros_labs/src/install/mbot_nav/share/mbot_nav/maps/ckpt3.pgm
-- Installing: /home/mbot/mbot_ros_labs/src/install/mbot_nav/share/mbot_nav/maps/ckpt3.yaml
-- Installing: /home/mbot/mbot_ros_labs/src/install/mbot_nav/share/mbot_nav/maps/maze1.yaml
-- Installing: /home/mbot/mbot_ros_labs/src/install/mbot_nav/share/mbot_nav/launch
-- Installing: /home/mbot/mbot_ros_labs/src/install/mbot_nav/share/mbot_nav/launch/path_planning.launch.py
-- Installing: /home/mbot/mbot_ros_labs/src/install/mbot_nav/share/mbot_nav/rviz
-- Installing: /home/mbot/mbot_ros_labs/src/install/mbot_nav/share/mbot_nav/rviz/path_planning.rviz
-- Installing: /home/mbot/mbot_ros_labs/src/install/mbot_nav/share/ament_index/resource_index/package_run_dependencies/mbot_nav
-- Installing: /home/mbot/mbot_ros_labs/src/install/mbot_nav/share/ament_index/resource_index/parent_prefix_path/mbot_nav
-- Installing: /home/mbot/mbot_ros_labs/src/install/mbot_nav/share/mbot_nav/environment/ament_prefix_path.sh
-- Installing: /home/mbot/mbot_ros_labs/src/install/mbot_nav/share/mbot_nav/environment/ament_prefix_path.dsv
-- Installing: /home/mbot/mbot_ros_labs/src/install/mbot_nav/share/mbot_nav/environment/path.sh
-- Installing: /home/mbot/mbot_ros_labs/src/install/mbot_nav/share/mbot_nav/environment/path.dsv
-- Installing: /home/mbot/mbot_ros_labs/src/install/mbot_nav/share/mbot_nav/local_setup.bash
-- Installing: /home/mbot/mbot_ros_labs/src/install/mbot_nav/share/mbot_nav/local_setup.sh
-- Installing: /home/mbot/mbot_ros_labs/src/install/mbot_nav/share/mbot_nav/local_setup.zsh
-- Installing: /home/mbot/mbot_ros_labs/src/install/mbot_nav/share/mbot_nav/local_setup.dsv
-- Installing: /home/mbot/mbot_ros_labs/src/install/mbot_nav/share/mbot_nav/package.dsv
-- Installing: /home/mbot/mbot_ros_labs/src/install/mbot_nav/share/ament_index/resource_index/packages/mbot_nav
-- Installing: /home/mbot/mbot_ros_labs/src/install/mbot_nav/share/mbot_nav/cmake/mbot_navConfig.cmake
-- Installing: /home/mbot/mbot_ros_labs/src/install/mbot_nav/share/mbot_nav/cmake/mbot_navConfig-version.cmake
-- Installing: /home/mbot/mbot_ros_labs/src/install/mbot_nav/share/mbot_nav/package.xml
