[0.023s] Invoking command in '/home/mbot/mbot_ros_labs/src/build/mbot_nav': CMAKE_PREFIX_PATH=${CMAKE_PREFIX_PATH}:/home/mbot/mbot_ws/install/mbot_vision:/home/mbot/mbot_ws/install/mbot_bringup:/opt/ros/jazzy DEBUGINFOD_URLS=https://debuginfod.ubuntu.com /usr/bin/cmake /home/mbot/mbot_ros_labs/src/mbot_nav -DCMAKE_INSTALL_PREFIX=/home/mbot/mbot_ros_labs/src/install/mbot_nav
[0.723s] -- The C compiler identification is GNU 13.3.0
[1.172s] -- The CXX compiler identification is GNU 13.3.0
[1.215s] -- Detecting C compiler ABI info
[1.434s] -- Detecting C compiler ABI info - done
[1.451s] -- Check for working C compiler: /usr/bin/cc - skipped
[1.452s] -- Detecting C compile features
[1.453s] -- Detecting C compile features - done
[1.473s] -- Detecting CXX compiler ABI info
[1.686s] -- Detecting CXX compiler ABI info - done
[1.702s] -- Check for working CXX compiler: /usr/bin/c++ - skipped
[1.702s] -- Detecting CXX compile features
[1.703s] -- Detecting CXX compile features - done
[1.723s] -- Found ament_cmake: 2.5.4 (/opt/ros/jazzy/share/ament_cmake/cmake)
[2.056s] -- Found Python3: /usr/bin/python3 (found version "3.12.3") found components: Interpreter 
[2.356s] -- Found rclcpp: 28.1.10 (/opt/ros/jazzy/share/rclcpp/cmake)
[2.520s] -- Found rosidl_generator_c: 4.6.5 (/opt/ros/jazzy/share/rosidl_generator_c/cmake)
[2.568s] -- Found rosidl_generator_cpp: 4.6.5 (/opt/ros/jazzy/share/rosidl_generator_cpp/cmake)
[2.627s] -- Using all available rosidl_typesupport_c: rosidl_typesupport_fastrtps_c;rosidl_typesupport_introspection_c
[2.691s] -- Using all available rosidl_typesupport_cpp: rosidl_typesupport_fastrtps_cpp;rosidl_typesupport_introspection_cpp
[2.935s] -- Found rmw_implementation_cmake: 7.3.2 (/opt/ros/jazzy/share/rmw_implementation_cmake/cmake)
[2.948s] -- Found rmw_fastrtps_cpp: 8.4.2 (/opt/ros/jazzy/share/rmw_fastrtps_cpp/cmake)
[3.236s] -- Found OpenSSL: /usr/lib/aarch64-linux-gnu/libcrypto.so (found version "3.0.13")  
[3.280s] -- Found FastRTPS: /opt/ros/jazzy/include (Required is at least version "2.13") 
[3.327s] -- Using RMW implementation 'rmw_fastrtps_cpp' as default
[3.550s] -- Found nav_msgs: 5.3.6 (/opt/ros/jazzy/share/nav_msgs/cmake)
[3.708s] -- Found tf2_ros: 0.36.12 (/opt/ros/jazzy/share/tf2_ros/cmake)
[4.054s] -- Found tf2_geometry_msgs: 0.36.12 (/opt/ros/jazzy/share/tf2_geometry_msgs/cmake)
[4.108s] -- Found eigen3_cmake_module: 0.3.0 (/opt/ros/jazzy/share/eigen3_cmake_module/cmake)
[4.112s] -- Found Eigen3: TRUE (found version "3.4.0") 
[4.112s] -- Ensuring Eigen3 include directory is part of orocos-kdl CMake target
[4.117s] -- Found mbot_interfaces: 0.0.0 (/home/mbot/mbot_ws/install/mbot_interfaces/share/mbot_interfaces/cmake)
[4.176s] -- Found ament_lint_auto: 0.17.2 (/opt/ros/jazzy/share/ament_lint_auto/cmake)
[4.425s] -- Added test 'cppcheck' to perform static code analysis on C / C++ code
[4.426s] -- Configured cppcheck include dirs: /home/mbot/mbot_ros_labs/src/mbot_nav/include
[4.426s] -- Configured cppcheck exclude dirs and/or files: 
[4.428s] -- Added test 'flake8' to check Python code syntax and style conventions
[4.428s] -- Configured 'flake8' exclude dirs and/or files: 
[4.431s] -- Added test 'lint_cmake' to check CMake code style
[4.433s] -- Added test 'pep257' to check Python code against some of the docstring style conventions in PEP 257
[4.437s] -- Added test 'uncrustify' to check C / C++ code style
[4.437s] -- Configured uncrustify additional arguments: 
[4.440s] -- Added test 'xmllint' to check XML markup files
[4.445s] -- Configuring done (4.3s)
[4.484s] -- Generating done (0.0s)
[4.496s] -- Build files have been written to: /home/mbot/mbot_ros_labs/src/build/mbot_nav
[4.521s] Invoked command in '/home/mbot/mbot_ros_labs/src/build/mbot_nav' returned '0': CMAKE_PREFIX_PATH=${CMAKE_PREFIX_PATH}:/home/mbot/mbot_ws/install/mbot_vision:/home/mbot/mbot_ws/install/mbot_bringup:/opt/ros/jazzy DEBUGINFOD_URLS=https://debuginfod.ubuntu.com /usr/bin/cmake /home/mbot/mbot_ros_labs/src/mbot_nav -DCMAKE_INSTALL_PREFIX=/home/mbot/mbot_ros_labs/src/install/mbot_nav
[4.524s] Invoking command in '/home/mbot/mbot_ros_labs/src/build/mbot_nav': CMAKE_PREFIX_PATH=${CMAKE_PREFIX_PATH}:/home/mbot/mbot_ws/install/mbot_vision:/home/mbot/mbot_ws/install/mbot_bringup:/opt/ros/jazzy DEBUGINFOD_URLS=https://debuginfod.ubuntu.com /usr/bin/cmake --build /home/mbot/mbot_ros_labs/src/build/mbot_nav -- -j4 -l4
[4.637s] [ 11%] [32mBuilding CXX object CMakeFiles/obstacle_distance_grid.dir/src/obstacle_distance_grid.cpp.o[0m
[6.108s] [ 22%] [32m[1mLinking CXX static library libobstacle_distance_grid.a[0m
[7.252s] [ 22%] Built target obstacle_distance_grid
[7.299s] [ 55%] [32mBuilding CXX object CMakeFiles/navigation_node.dir/src/navigation_node.cpp.o[0m
[7.299s] [ 55%] [32mBuilding CXX object CMakeFiles/exploration_node.dir/src/exploration_node.cpp.o[0m
[7.299s] [ 55%] [32mBuilding CXX object CMakeFiles/navigation_node.dir/src/astar.cpp.o[0m
[7.300s] [ 66%] [32mBuilding CXX object CMakeFiles/exploration_node.dir/src/astar.cpp.o[0m
[15.351s] [ 77%] [32mBuilding CXX object CMakeFiles/exploration_node.dir/src/frontier_explorer.cpp.o[0m
[31.022s] [ 88%] [32m[1mLinking CXX executable exploration_node[0m
[32.659s] [ 88%] Built target exploration_node
[39.399s] [100%] [32m[1mLinking CXX executable navigation_node[0m
[41.324s] [100%] Built target navigation_node
[41.351s] Invoked command in '/home/mbot/mbot_ros_labs/src/build/mbot_nav' returned '0': CMAKE_PREFIX_PATH=${CMAKE_PREFIX_PATH}:/home/mbot/mbot_ws/install/mbot_vision:/home/mbot/mbot_ws/install/mbot_bringup:/opt/ros/jazzy DEBUGINFOD_URLS=https://debuginfod.ubuntu.com /usr/bin/cmake --build /home/mbot/mbot_ros_labs/src/build/mbot_nav -- -j4 -l4
[41.373s] Invoking command in '/home/mbot/mbot_ros_labs/src/build/mbot_nav': CMAKE_PREFIX_PATH=${CMAKE_PREFIX_PATH}:/home/mbot/mbot_ws/install/mbot_vision:/home/mbot/mbot_ws/install/mbot_bringup:/opt/ros/jazzy DEBUGINFOD_URLS=https://debuginfod.ubuntu.com /usr/bin/cmake --install /home/mbot/mbot_ros_labs/src/build/mbot_nav
[41.391s] -- Install configuration: ""
[41.391s] -- Installing: /home/mbot/mbot_ros_labs/src/install/mbot_nav/lib/mbot_nav/navigation_node
[41.415s] -- Set non-toolchain portion of runtime path of "/home/mbot/mbot_ros_labs/src/install/mbot_nav/lib/mbot_nav/navigation_node" to ""
[41.415s] -- Installing: /home/mbot/mbot_ros_labs/src/install/mbot_nav/lib/mbot_nav/exploration_node
[41.428s] -- Set non-toolchain portion of runtime path of "/home/mbot/mbot_ros_labs/src/install/mbot_nav/lib/mbot_nav/exploration_node" to ""
[41.428s] -- Installing: /home/mbot/mbot_ros_labs/src/install/mbot_nav/lib/libobstacle_distance_grid.a
[41.428s] -- Installing: /home/mbot/mbot_ros_labs/src/install/mbot_nav/share/mbot_nav/include
[41.429s] -- Installing: /home/mbot/mbot_ros_labs/src/install/mbot_nav/share/mbot_nav/include/navigation_node.hpp
[41.429s] -- Installing: /home/mbot/mbot_ros_labs/src/install/mbot_nav/share/mbot_nav/include/obstacle_distance_grid.hpp
[41.429s] -- Installing: /home/mbot/mbot_ros_labs/src/install/mbot_nav/share/mbot_nav/include/exploration_node.hpp
[41.429s] -- Installing: /home/mbot/mbot_ros_labs/src/install/mbot_nav/share/mbot_nav/include/astar.hpp
[41.429s] -- Installing: /home/mbot/mbot_ros_labs/src/install/mbot_nav/share/mbot_nav/include/frontier_explorer.hpp
[41.429s] -- Installing: /home/mbot/mbot_ros_labs/src/install/mbot_nav/share/mbot_nav/maps
[41.429s] -- Installing: /home/mbot/mbot_ros_labs/src/install/mbot_nav/share/mbot_nav/maps/ckpt3_new.yaml
[41.430s] -- Installing: /home/mbot/mbot_ros_labs/src/install/mbot_nav/share/mbot_nav/maps/maze2.pgm
[41.432s] -- Installing: /home/mbot/mbot_ros_labs/src/install/mbot_nav/share/mbot_nav/maps/maze1.pgm
[41.433s] -- Installing: /home/mbot/mbot_ros_labs/src/install/mbot_nav/share/mbot_nav/maps/maze2.yaml
[41.433s] -- Installing: /home/mbot/mbot_ros_labs/src/install/mbot_nav/share/mbot_nav/maps/ckpt3_new.pgm
[41.433s] -- Installing: /home/mbot/mbot_ros_labs/src/install/mbot_nav/share/mbot_nav/maps/ckpt3.pgm
[41.434s] -- Installing: /home/mbot/mbot_ros_labs/src/install/mbot_nav/share/mbot_nav/maps/ckpt3.yaml
[41.434s] -- Installing: /home/mbot/mbot_ros_labs/src/install/mbot_nav/share/mbot_nav/maps/maze1.yaml
[41.434s] -- Installing: /home/mbot/mbot_ros_labs/src/install/mbot_nav/share/mbot_nav/launch
[41.434s] -- Installing: /home/mbot/mbot_ros_labs/src/install/mbot_nav/share/mbot_nav/launch/path_planning.launch.py
[41.435s] -- Installing: /home/mbot/mbot_ros_labs/src/install/mbot_nav/share/mbot_nav/rviz
[41.435s] -- Installing: /home/mbot/mbot_ros_labs/src/install/mbot_nav/share/mbot_nav/rviz/path_planning.rviz
[41.435s] -- Installing: /home/mbot/mbot_ros_labs/src/install/mbot_nav/share/ament_index/resource_index/package_run_dependencies/mbot_nav
[41.436s] -- Installing: /home/mbot/mbot_ros_labs/src/install/mbot_nav/share/ament_index/resource_index/parent_prefix_path/mbot_nav
[41.436s] -- Installing: /home/mbot/mbot_ros_labs/src/install/mbot_nav/share/mbot_nav/environment/ament_prefix_path.sh
[41.436s] -- Installing: /home/mbot/mbot_ros_labs/src/install/mbot_nav/share/mbot_nav/environment/ament_prefix_path.dsv
[41.436s] -- Installing: /home/mbot/mbot_ros_labs/src/install/mbot_nav/share/mbot_nav/environment/path.sh
[41.436s] -- Installing: /home/mbot/mbot_ros_labs/src/install/mbot_nav/share/mbot_nav/environment/path.dsv
[41.436s] -- Installing: /home/mbot/mbot_ros_labs/src/install/mbot_nav/share/mbot_nav/local_setup.bash
[41.437s] -- Installing: /home/mbot/mbot_ros_labs/src/install/mbot_nav/share/mbot_nav/local_setup.sh
[41.437s] -- Installing: /home/mbot/mbot_ros_labs/src/install/mbot_nav/share/mbot_nav/local_setup.zsh
[41.437s] -- Installing: /home/mbot/mbot_ros_labs/src/install/mbot_nav/share/mbot_nav/local_setup.dsv
[41.437s] -- Installing: /home/mbot/mbot_ros_labs/src/install/mbot_nav/share/mbot_nav/package.dsv
[41.438s] -- Installing: /home/mbot/mbot_ros_labs/src/install/mbot_nav/share/ament_index/resource_index/packages/mbot_nav
[41.438s] -- Installing: /home/mbot/mbot_ros_labs/src/install/mbot_nav/share/mbot_nav/cmake/mbot_navConfig.cmake
[41.438s] -- Installing: /home/mbot/mbot_ros_labs/src/install/mbot_nav/share/mbot_nav/cmake/mbot_navConfig-version.cmake
[41.438s] -- Installing: /home/mbot/mbot_ros_labs/src/install/mbot_nav/share/mbot_nav/package.xml
[41.442s] Invoked command in '/home/mbot/mbot_ros_labs/src/build/mbot_nav' returned '0': CMAKE_PREFIX_PATH=${CMAKE_PREFIX_PATH}:/home/mbot/mbot_ws/install/mbot_vision:/home/mbot/mbot_ws/install/mbot_bringup:/opt/ros/jazzy DEBUGINFOD_URLS=https://debuginfod.ubuntu.com /usr/bin/cmake --install /home/mbot/mbot_ros_labs/src/build/mbot_nav
