-- Found ament_cmake: 2.5.4 (/opt/ros/jazzy/share/ament_cmake/cmake)
-- Found rclcpp: 28.1.10 (/opt/ros/jazzy/share/rclcpp/cmake)
-- Found rosidl_generator_c: 4.6.5 (/opt/ros/jazzy/share/rosidl_generator_c/cmake)
-- Found rosidl_generator_cpp: 4.6.5 (/opt/ros/jazzy/share/rosidl_generator_cpp/cmake)
-- Using all available rosidl_typesupport_c: rosidl_typesupport_fastrtps_c;rosidl_typesupport_introspection_c
-- Using all available rosidl_typesupport_cpp: rosidl_typesupport_fastrtps_cpp;rosidl_typesupport_introspection_cpp
-- Found rmw_implementation_cmake: 7.3.2 (/opt/ros/jazzy/share/rmw_implementation_cmake/cmake)
-- Found rmw_fastrtps_cpp: 8.4.2 (/opt/ros/jazzy/share/rmw_fastrtps_cpp/cmake)
-- Using RMW implementation 'rmw_fastrtps_cpp' as default
-- Found sensor_msgs: 5.3.6 (/opt/ros/jazzy/share/sensor_msgs/cmake)
-- Found nav_msgs: 5.3.6 (/opt/ros/jazzy/share/nav_msgs/cmake)
-- Found nav2_msgs: 1.3.7 (/opt/ros/jazzy/share/nav2_msgs/cmake)
-- Found tf2: 0.36.12 (/opt/ros/jazzy/share/tf2/cmake)
-- Found tf2_ros: 0.36.12 (/opt/ros/jazzy/share/tf2_ros/cmake)
-- Found tf2_geometry_msgs: 0.36.12 (/opt/ros/jazzy/share/tf2_geometry_msgs/cmake)
-- Found eigen3_cmake_module: 0.3.0 (/opt/ros/jazzy/share/eigen3_cmake_module/cmake)
-- Ensuring Eigen3 include directory is part of orocos-kdl CMake target
-- Found ament_lint_auto: 0.17.2 (/opt/ros/jazzy/share/ament_lint_auto/cmake)
-- Added test 'cppcheck' to perform static code analysis on C / C++ code
-- Configured cppcheck include dirs: /home/mbot/mbot_ros_labs/src/mbot_localization/include
-- Configured cppcheck exclude dirs and/or files: 
-- Added test 'flake8' to check Python code syntax and style conventions
-- Configured 'flake8' exclude dirs and/or files: 
-- Added test 'lint_cmake' to check CMake code style
-- Added test 'pep257' to check Python code against some of the docstring style conventions in PEP 257
-- Added test 'uncrustify' to check C / C++ code style
-- Configured uncrustify additional arguments: 
-- Added test 'xmllint' to check XML markup files
-- Configuring done (1.7s)
-- Generating done (0.1s)
-- Build files have been written to: /home/mbot/mbot_ros_labs/src/build/mbot_localization
[  7%] [32mBuilding CXX object CMakeFiles/localization_pose_listener.dir/src/pose_listener_node.cpp.o[0m
[ 14%] [32mBuilding CXX object CMakeFiles/global_localization_node.dir/src/sensor_model.cpp.o[0m
[ 21%] [32mBuilding CXX object CMakeFiles/global_localization_node.dir/src/action_model.cpp.o[0m
[ 28%] [32mBuilding CXX object CMakeFiles/localization_node.dir/src/action_model.cpp.o[0m
[ 35%] [32mBuilding CXX object CMakeFiles/global_localization_node.dir/src/particle_filter.cpp.o[0m
[ 42%] [32mBuilding CXX object CMakeFiles/localization_node.dir/src/sensor_model.cpp.o[0m
[ 50%] [32mBuilding CXX object CMakeFiles/global_localization_node.dir/src/global_localization_node.cpp.o[0m
[ 57%] [32mBuilding CXX object CMakeFiles/localization_node.dir/src/particle_filter.cpp.o[0m
[ 64%] [32mBuilding CXX object CMakeFiles/global_localization_node.dir/src/obstacle_distance_grid.cpp.o[0m
[ 71%] [32mBuilding CXX object CMakeFiles/localization_node.dir/src/localization_node.cpp.o[0m
[ 78%] [32mBuilding CXX object CMakeFiles/localization_node.dir/src/obstacle_distance_grid.cpp.o[0m
[ 85%] [32m[1mLinking CXX executable localization_pose_listener[0m
[ 85%] Built target localization_pose_listener
[ 92%] [32m[1mLinking CXX executable global_localization_node[0m
[ 92%] Built target global_localization_node
[100%] [32m[1mLinking CXX executable localization_node[0m
[100%] Built target localization_node
-- Install configuration: ""
-- Up-to-date: /home/mbot/mbot_ros_labs/src/install/mbot_localization/include
-- Installing: /home/mbot/mbot_ros_labs/src/install/mbot_localization/include/sensor_model.hpp
-- Installing: /home/mbot/mbot_ros_labs/src/install/mbot_localization/include/action_model.hpp
-- Installing: /home/mbot/mbot_ros_labs/src/install/mbot_localization/include/obstacle_distance_grid.hpp
-- Installing: /home/mbot/mbot_ros_labs/src/install/mbot_localization/include/localization_utils.hpp
-- Installing: /home/mbot/mbot_ros_labs/src/install/mbot_localization/include/particle_filter.hpp
-- Up-to-date: /home/mbot/mbot_ros_labs/src/install/mbot_localization/share/mbot_localization/rviz
-- Up-to-date: /home/mbot/mbot_ros_labs/src/install/mbot_localization/share/mbot_localization/rviz/localization.rviz
-- Installing: /home/mbot/mbot_ros_labs/src/install/mbot_localization/share/mbot_localization/launch
-- Installing: /home/mbot/mbot_ros_labs/src/install/mbot_localization/share/mbot_localization/launch/dungeon_escape.launch.py
-- Installing: /home/mbot/mbot_ros_labs/src/install/mbot_localization/share/mbot_localization/launch/global_localization.launch.py
-- Up-to-date: /home/mbot/mbot_ros_labs/src/install/mbot_localization/lib/mbot_localization
-- Installing: /home/mbot/mbot_ros_labs/src/install/mbot_localization/lib/mbot_localization/pose_listener_node.py
-- Installing: /home/mbot/mbot_ros_labs/src/install/mbot_localization/lib/mbot_localization/localization_node
-- Set non-toolchain portion of runtime path of "/home/mbot/mbot_ros_labs/src/install/mbot_localization/lib/mbot_localization/localization_node" to ""
-- Installing: /home/mbot/mbot_ros_labs/src/install/mbot_localization/lib/mbot_localization/global_localization_node
-- Set non-toolchain portion of runtime path of "/home/mbot/mbot_ros_labs/src/install/mbot_localization/lib/mbot_localization/global_localization_node" to ""
-- Installing: /home/mbot/mbot_ros_labs/src/install/mbot_localization/lib/mbot_localization/localization_pose_listener
-- Set non-toolchain portion of runtime path of "/home/mbot/mbot_ros_labs/src/install/mbot_localization/lib/mbot_localization/localization_pose_listener" to ""
-- Installing: /home/mbot/mbot_ros_labs/src/install/mbot_localization/share/ament_index/resource_index/package_run_dependencies/mbot_localization
-- Up-to-date: /home/mbot/mbot_ros_labs/src/install/mbot_localization/share/ament_index/resource_index/parent_prefix_path/mbot_localization
-- Up-to-date: /home/mbot/mbot_ros_labs/src/install/mbot_localization/share/mbot_localization/environment/ament_prefix_path.sh
-- Up-to-date: /home/mbot/mbot_ros_labs/src/install/mbot_localization/share/mbot_localization/environment/ament_prefix_path.dsv
-- Up-to-date: /home/mbot/mbot_ros_labs/src/install/mbot_localization/share/mbot_localization/environment/path.sh
-- Up-to-date: /home/mbot/mbot_ros_labs/src/install/mbot_localization/share/mbot_localization/environment/path.dsv
-- Up-to-date: /home/mbot/mbot_ros_labs/src/install/mbot_localization/share/mbot_localization/local_setup.bash
-- Up-to-date: /home/mbot/mbot_ros_labs/src/install/mbot_localization/share/mbot_localization/local_setup.sh
-- Up-to-date: /home/mbot/mbot_ros_labs/src/install/mbot_localization/share/mbot_localization/local_setup.zsh
-- Up-to-date: /home/mbot/mbot_ros_labs/src/install/mbot_localization/share/mbot_localization/local_setup.dsv
-- Installing: /home/mbot/mbot_ros_labs/src/install/mbot_localization/share/mbot_localization/package.dsv
-- Up-to-date: /home/mbot/mbot_ros_labs/src/install/mbot_localization/share/ament_index/resource_index/packages/mbot_localization
-- Up-to-date: /home/mbot/mbot_ros_labs/src/install/mbot_localization/share/mbot_localization/cmake/mbot_localizationConfig.cmake
-- Up-to-date: /home/mbot/mbot_ros_labs/src/install/mbot_localization/share/mbot_localization/cmake/mbot_localizationConfig-version.cmake
-- Installing: /home/mbot/mbot_ros_labs/src/install/mbot_localization/share/mbot_localization/package.xml
