[0.341s] DEBUG:colcon:Command line arguments: ['/usr/bin/colcon', 'build', '--packages-select', 'mbot_slam']
[0.341s] DEBUG:colcon:Parsed command line arguments: Namespace(log_base=None, log_level=None, verb_name='build', build_base='build', install_base='install', merge_install=False, symlink_install=False, test_result_base=None, continue_on_error=False, executor='parallel', parallel_workers=4, event_handlers=None, ignore_user_meta=False, metas=['./colcon.meta'], base_paths=['.'], packages_ignore=None, packages_ignore_regex=None, paths=None, packages_up_to=None, packages_up_to_regex=None, packages_above=None, packages_above_and_dependencies=None, packages_above_depth=None, packages_select_by_dep=None, packages_skip_by_dep=None, packages_skip_up_to=None, packages_select_build_failed=False, packages_skip_build_finished=False, packages_select_test_failures=False, packages_skip_test_passed=False, packages_select=['mbot_slam'], packages_skip=None, packages_select_regex=None, packages_skip_regex=None, packages_start=None, packages_end=None, allow_overriding=[], cmake_args=None, cmake_target=None, cmake_target_skip_unavailable=False, cmake_clean_cache=False, cmake_clean_first=False, cmake_force_configure=False, meson_args=[], ament_cmake_args=None, catkin_cmake_args=None, catkin_skip_building_tests=False, verb_parser=<colcon_defaults.argument_parser.defaults.DefaultArgumentsDecorator object at 0xffff946fa8a0>, verb_extension=<colcon_core.verb.build.BuildVerb object at 0xffff946fa690>, main=<bound method BuildVerb.main of <colcon_core.verb.build.BuildVerb object at 0xffff946fa690>>)
[0.400s] Level 1:colcon.colcon_core.package_discovery:discover_packages(colcon_meta) check parameters
[0.400s] Level 1:colcon.colcon_core.package_discovery:discover_packages(recursive) check parameters
[0.400s] Level 1:colcon.colcon_core.package_discovery:discover_packages(ignore) check parameters
[0.400s] Level 1:colcon.colcon_core.package_discovery:discover_packages(path) check parameters
[0.400s] Level 1:colcon.colcon_core.package_discovery:discover_packages(colcon_meta) discover
[0.400s] Level 1:colcon.colcon_core.package_discovery:discover_packages(recursive) discover
[0.400s] INFO:colcon.colcon_core.package_discovery:Crawling recursively for packages in '/home/mbot/mbot_ros_labs/src'
[0.400s] Level 1:colcon.colcon_core.package_identification:_identify(.) by extensions ['ignore', 'ignore_ament_install']
[0.401s] Level 1:colcon.colcon_core.package_identification:_identify(.) by extension 'ignore'
[0.401s] Level 1:colcon.colcon_core.package_identification:_identify(.) by extension 'ignore_ament_install'
[0.401s] Level 1:colcon.colcon_core.package_identification:_identify(.) by extensions ['colcon_pkg']
[0.401s] Level 1:colcon.colcon_core.package_identification:_identify(.) by extension 'colcon_pkg'
[0.401s] Level 1:colcon.colcon_core.package_identification:_identify(.) by extensions ['colcon_meta']
[0.401s] Level 1:colcon.colcon_core.package_identification:_identify(.) by extension 'colcon_meta'
[0.401s] Level 1:colcon.colcon_core.package_identification:_identify(.) by extensions ['ros']
[0.401s] Level 1:colcon.colcon_core.package_identification:_identify(.) by extension 'ros'
[0.471s] Level 1:colcon.colcon_core.package_identification:_identify(.) by extensions ['cmake', 'meson', 'python']
[0.471s] Level 1:colcon.colcon_core.package_identification:_identify(.) by extension 'cmake'
[0.471s] Level 1:colcon.colcon_core.package_identification:_identify(.) by extension 'meson'
[0.471s] Level 1:colcon.colcon_core.package_identification:_identify(.) by extension 'python'
[0.471s] Level 1:colcon.colcon_core.package_identification:_identify(.) by extensions ['python_setup_py']
[0.471s] Level 1:colcon.colcon_core.package_identification:_identify(.) by extension 'python_setup_py'
[0.471s] Level 1:colcon.colcon_core.package_identification:_identify(build) by extensions ['ignore', 'ignore_ament_install']
[0.472s] Level 1:colcon.colcon_core.package_identification:_identify(build) by extension 'ignore'
[0.472s] Level 1:colcon.colcon_core.package_identification:_identify(build) ignored
[0.472s] Level 1:colcon.colcon_core.package_identification:_identify(install) by extensions ['ignore', 'ignore_ament_install']
[0.472s] Level 1:colcon.colcon_core.package_identification:_identify(install) by extension 'ignore'
[0.472s] Level 1:colcon.colcon_core.package_identification:_identify(install) ignored
[0.472s] Level 1:colcon.colcon_core.package_identification:_identify(log) by extensions ['ignore', 'ignore_ament_install']
[0.472s] Level 1:colcon.colcon_core.package_identification:_identify(log) by extension 'ignore'
[0.472s] Level 1:colcon.colcon_core.package_identification:_identify(log) ignored
[0.472s] Level 1:colcon.colcon_core.package_identification:_identify(mbot_localization) by extensions ['ignore', 'ignore_ament_install']
[0.473s] Level 1:colcon.colcon_core.package_identification:_identify(mbot_localization) by extension 'ignore'
[0.473s] Level 1:colcon.colcon_core.package_identification:_identify(mbot_localization) by extension 'ignore_ament_install'
[0.473s] Level 1:colcon.colcon_core.package_identification:_identify(mbot_localization) by extensions ['colcon_pkg']
[0.473s] Level 1:colcon.colcon_core.package_identification:_identify(mbot_localization) by extension 'colcon_pkg'
[0.473s] Level 1:colcon.colcon_core.package_identification:_identify(mbot_localization) by extensions ['colcon_meta']
[0.473s] Level 1:colcon.colcon_core.package_identification:_identify(mbot_localization) by extension 'colcon_meta'
[0.473s] Level 1:colcon.colcon_core.package_identification:_identify(mbot_localization) by extensions ['ros']
[0.473s] Level 1:colcon.colcon_core.package_identification:_identify(mbot_localization) by extension 'ros'
[0.477s] DEBUG:colcon.colcon_core.package_identification:Package 'mbot_localization' with type 'ros.ament_cmake' and name 'mbot_localization'
[0.477s] Level 1:colcon.colcon_core.package_identification:_identify(mbot_mapping) by extensions ['ignore', 'ignore_ament_install']
[0.477s] Level 1:colcon.colcon_core.package_identification:_identify(mbot_mapping) by extension 'ignore'
[0.477s] Level 1:colcon.colcon_core.package_identification:_identify(mbot_mapping) by extension 'ignore_ament_install'
[0.477s] Level 1:colcon.colcon_core.package_identification:_identify(mbot_mapping) by extensions ['colcon_pkg']
[0.477s] Level 1:colcon.colcon_core.package_identification:_identify(mbot_mapping) by extension 'colcon_pkg'
[0.477s] Level 1:colcon.colcon_core.package_identification:_identify(mbot_mapping) by extensions ['colcon_meta']
[0.477s] Level 1:colcon.colcon_core.package_identification:_identify(mbot_mapping) by extension 'colcon_meta'
[0.477s] Level 1:colcon.colcon_core.package_identification:_identify(mbot_mapping) by extensions ['ros']
[0.477s] Level 1:colcon.colcon_core.package_identification:_identify(mbot_mapping) by extension 'ros'
[0.478s] DEBUG:colcon.colcon_core.package_identification:Package 'mbot_mapping' with type 'ros.ament_cmake' and name 'mbot_mapping'
[0.478s] Level 1:colcon.colcon_core.package_identification:_identify(mbot_nav) by extensions ['ignore', 'ignore_ament_install']
[0.478s] Level 1:colcon.colcon_core.package_identification:_identify(mbot_nav) by extension 'ignore'
[0.479s] Level 1:colcon.colcon_core.package_identification:_identify(mbot_nav) by extension 'ignore_ament_install'
[0.479s] Level 1:colcon.colcon_core.package_identification:_identify(mbot_nav) by extensions ['colcon_pkg']
[0.479s] Level 1:colcon.colcon_core.package_identification:_identify(mbot_nav) by extension 'colcon_pkg'
[0.479s] Level 1:colcon.colcon_core.package_identification:_identify(mbot_nav) by extensions ['colcon_meta']
[0.479s] Level 1:colcon.colcon_core.package_identification:_identify(mbot_nav) by extension 'colcon_meta'
[0.479s] Level 1:colcon.colcon_core.package_identification:_identify(mbot_nav) by extensions ['ros']
[0.479s] Level 1:colcon.colcon_core.package_identification:_identify(mbot_nav) by extension 'ros'
[0.480s] DEBUG:colcon.colcon_core.package_identification:Package 'mbot_nav' with type 'ros.ament_cmake' and name 'mbot_nav'
[0.480s] Level 1:colcon.colcon_core.package_identification:_identify(mbot_nav_comparsion) by extensions ['ignore', 'ignore_ament_install']
[0.480s] Level 1:colcon.colcon_core.package_identification:_identify(mbot_nav_comparsion) by extension 'ignore'
[0.480s] Level 1:colcon.colcon_core.package_identification:_identify(mbot_nav_comparsion) by extension 'ignore_ament_install'
[0.480s] Level 1:colcon.colcon_core.package_identification:_identify(mbot_nav_comparsion) by extensions ['colcon_pkg']
[0.480s] Level 1:colcon.colcon_core.package_identification:_identify(mbot_nav_comparsion) by extension 'colcon_pkg'
[0.480s] Level 1:colcon.colcon_core.package_identification:_identify(mbot_nav_comparsion) by extensions ['colcon_meta']
[0.480s] Level 1:colcon.colcon_core.package_identification:_identify(mbot_nav_comparsion) by extension 'colcon_meta'
[0.480s] Level 1:colcon.colcon_core.package_identification:_identify(mbot_nav_comparsion) by extensions ['ros']
[0.480s] Level 1:colcon.colcon_core.package_identification:_identify(mbot_nav_comparsion) by extension 'ros'
[0.481s] DEBUG:colcon.colcon_core.package_identification:Package 'mbot_nav_comparsion' with type 'ros.ament_cmake' and name 'mbot_nav'
[0.481s] Level 1:colcon.colcon_core.package_identification:_identify(mbot_rosbags) by extensions ['ignore', 'ignore_ament_install']
[0.481s] Level 1:colcon.colcon_core.package_identification:_identify(mbot_rosbags) by extension 'ignore'
[0.481s] Level 1:colcon.colcon_core.package_identification:_identify(mbot_rosbags) by extension 'ignore_ament_install'
[0.481s] Level 1:colcon.colcon_core.package_identification:_identify(mbot_rosbags) by extensions ['colcon_pkg']
[0.481s] Level 1:colcon.colcon_core.package_identification:_identify(mbot_rosbags) by extension 'colcon_pkg'
[0.481s] Level 1:colcon.colcon_core.package_identification:_identify(mbot_rosbags) by extensions ['colcon_meta']
[0.481s] Level 1:colcon.colcon_core.package_identification:_identify(mbot_rosbags) by extension 'colcon_meta'
[0.481s] Level 1:colcon.colcon_core.package_identification:_identify(mbot_rosbags) by extensions ['ros']
[0.481s] Level 1:colcon.colcon_core.package_identification:_identify(mbot_rosbags) by extension 'ros'
[0.482s] Level 1:colcon.colcon_core.package_identification:_identify(mbot_rosbags) by extensions ['cmake', 'meson', 'python']
[0.482s] Level 1:colcon.colcon_core.package_identification:_identify(mbot_rosbags) by extension 'cmake'
[0.482s] Level 1:colcon.colcon_core.package_identification:_identify(mbot_rosbags) by extension 'meson'
[0.482s] Level 1:colcon.colcon_core.package_identification:_identify(mbot_rosbags) by extension 'python'
[0.482s] Level 1:colcon.colcon_core.package_identification:_identify(mbot_rosbags) by extensions ['python_setup_py']
[0.482s] Level 1:colcon.colcon_core.package_identification:_identify(mbot_rosbags) by extension 'python_setup_py'
[0.482s] Level 1:colcon.colcon_core.package_identification:_identify(mbot_rosbags/maze1) by extensions ['ignore', 'ignore_ament_install']
[0.482s] Level 1:colcon.colcon_core.package_identification:_identify(mbot_rosbags/maze1) by extension 'ignore'
[0.482s] Level 1:colcon.colcon_core.package_identification:_identify(mbot_rosbags/maze1) by extension 'ignore_ament_install'
[0.482s] Level 1:colcon.colcon_core.package_identification:_identify(mbot_rosbags/maze1) by extensions ['colcon_pkg']
[0.482s] Level 1:colcon.colcon_core.package_identification:_identify(mbot_rosbags/maze1) by extension 'colcon_pkg'
[0.482s] Level 1:colcon.colcon_core.package_identification:_identify(mbot_rosbags/maze1) by extensions ['colcon_meta']
[0.482s] Level 1:colcon.colcon_core.package_identification:_identify(mbot_rosbags/maze1) by extension 'colcon_meta'
[0.482s] Level 1:colcon.colcon_core.package_identification:_identify(mbot_rosbags/maze1) by extensions ['ros']
[0.482s] Level 1:colcon.colcon_core.package_identification:_identify(mbot_rosbags/maze1) by extension 'ros'
[0.482s] Level 1:colcon.colcon_core.package_identification:_identify(mbot_rosbags/maze1) by extensions ['cmake', 'meson', 'python']
[0.482s] Level 1:colcon.colcon_core.package_identification:_identify(mbot_rosbags/maze1) by extension 'cmake'
[0.482s] Level 1:colcon.colcon_core.package_identification:_identify(mbot_rosbags/maze1) by extension 'meson'
[0.483s] Level 1:colcon.colcon_core.package_identification:_identify(mbot_rosbags/maze1) by extension 'python'
[0.483s] Level 1:colcon.colcon_core.package_identification:_identify(mbot_rosbags/maze1) by extensions ['python_setup_py']
[0.483s] Level 1:colcon.colcon_core.package_identification:_identify(mbot_rosbags/maze1) by extension 'python_setup_py'
[0.483s] Level 1:colcon.colcon_core.package_identification:_identify(mbot_rosbags/slam_test) by extensions ['ignore', 'ignore_ament_install']
[0.483s] Level 1:colcon.colcon_core.package_identification:_identify(mbot_rosbags/slam_test) by extension 'ignore'
[0.483s] Level 1:colcon.colcon_core.package_identification:_identify(mbot_rosbags/slam_test) by extension 'ignore_ament_install'
[0.483s] Level 1:colcon.colcon_core.package_identification:_identify(mbot_rosbags/slam_test) by extensions ['colcon_pkg']
[0.483s] Level 1:colcon.colcon_core.package_identification:_identify(mbot_rosbags/slam_test) by extension 'colcon_pkg'
[0.483s] Level 1:colcon.colcon_core.package_identification:_identify(mbot_rosbags/slam_test) by extensions ['colcon_meta']
[0.483s] Level 1:colcon.colcon_core.package_identification:_identify(mbot_rosbags/slam_test) by extension 'colcon_meta'
[0.483s] Level 1:colcon.colcon_core.package_identification:_identify(mbot_rosbags/slam_test) by extensions ['ros']
[0.483s] Level 1:colcon.colcon_core.package_identification:_identify(mbot_rosbags/slam_test) by extension 'ros'
[0.483s] Level 1:colcon.colcon_core.package_identification:_identify(mbot_rosbags/slam_test) by extensions ['cmake', 'meson', 'python']
[0.483s] Level 1:colcon.colcon_core.package_identification:_identify(mbot_rosbags/slam_test) by extension 'cmake'
[0.483s] Level 1:colcon.colcon_core.package_identification:_identify(mbot_rosbags/slam_test) by extension 'meson'
[0.483s] Level 1:colcon.colcon_core.package_identification:_identify(mbot_rosbags/slam_test) by extension 'python'
[0.483s] Level 1:colcon.colcon_core.package_identification:_identify(mbot_rosbags/slam_test) by extensions ['python_setup_py']
[0.483s] Level 1:colcon.colcon_core.package_identification:_identify(mbot_rosbags/slam_test) by extension 'python_setup_py'
[0.483s] Level 1:colcon.colcon_core.package_identification:_identify(mbot_setpoint) by extensions ['ignore', 'ignore_ament_install']
[0.484s] Level 1:colcon.colcon_core.package_identification:_identify(mbot_setpoint) by extension 'ignore'
[0.484s] Level 1:colcon.colcon_core.package_identification:_identify(mbot_setpoint) by extension 'ignore_ament_install'
[0.484s] Level 1:colcon.colcon_core.package_identification:_identify(mbot_setpoint) by extensions ['colcon_pkg']
[0.484s] Level 1:colcon.colcon_core.package_identification:_identify(mbot_setpoint) by extension 'colcon_pkg'
[0.484s] Level 1:colcon.colcon_core.package_identification:_identify(mbot_setpoint) by extensions ['colcon_meta']
[0.484s] Level 1:colcon.colcon_core.package_identification:_identify(mbot_setpoint) by extension 'colcon_meta'
[0.484s] Level 1:colcon.colcon_core.package_identification:_identify(mbot_setpoint) by extensions ['ros']
[0.484s] Level 1:colcon.colcon_core.package_identification:_identify(mbot_setpoint) by extension 'ros'
[0.485s] DEBUG:colcon.colcon_core.package_identification:Package 'mbot_setpoint' with type 'ros.ament_cmake' and name 'mbot_setpoint'
[0.485s] Level 1:colcon.colcon_core.package_identification:_identify(mbot_slam) by extensions ['ignore', 'ignore_ament_install']
[0.485s] Level 1:colcon.colcon_core.package_identification:_identify(mbot_slam) by extension 'ignore'
[0.485s] Level 1:colcon.colcon_core.package_identification:_identify(mbot_slam) by extension 'ignore_ament_install'
[0.486s] Level 1:colcon.colcon_core.package_identification:_identify(mbot_slam) by extensions ['colcon_pkg']
[0.486s] Level 1:colcon.colcon_core.package_identification:_identify(mbot_slam) by extension 'colcon_pkg'
[0.486s] Level 1:colcon.colcon_core.package_identification:_identify(mbot_slam) by extensions ['colcon_meta']
[0.486s] Level 1:colcon.colcon_core.package_identification:_identify(mbot_slam) by extension 'colcon_meta'
[0.486s] Level 1:colcon.colcon_core.package_identification:_identify(mbot_slam) by extensions ['ros']
[0.486s] Level 1:colcon.colcon_core.package_identification:_identify(mbot_slam) by extension 'ros'
[0.487s] DEBUG:colcon.colcon_core.package_identification:Package 'mbot_slam' with type 'ros.ament_cmake' and name 'mbot_slam'
[0.487s] Level 1:colcon.colcon_core.package_discovery:discover_packages(recursive) using defaults
[0.487s] Level 1:colcon.colcon_core.package_discovery:discover_packages(ignore) discover
[0.487s] Level 1:colcon.colcon_core.package_discovery:discover_packages(ignore) using defaults
[0.487s] Level 1:colcon.colcon_core.package_discovery:discover_packages(path) discover
[0.487s] Level 1:colcon.colcon_core.package_discovery:discover_packages(path) using defaults
[0.508s] INFO:colcon.colcon_core.package_selection:Skipping not selected package 'mbot_localization' in 'mbot_localization'
[0.509s] INFO:colcon.colcon_core.package_selection:Skipping not selected package 'mbot_mapping' in 'mbot_mapping'
[0.509s] INFO:colcon.colcon_core.package_selection:Skipping not selected package 'mbot_nav' in 'mbot_nav_comparsion'
[0.509s] INFO:colcon.colcon_core.package_selection:Skipping not selected package 'mbot_nav' in 'mbot_nav'
[0.509s] INFO:colcon.colcon_core.package_selection:Skipping not selected package 'mbot_setpoint' in 'mbot_setpoint'
[0.509s] Level 1:colcon.colcon_core.package_discovery:discover_packages(prefix_path) check parameters
[0.509s] Level 1:colcon.colcon_core.package_discovery:discover_packages(prefix_path) discover
[0.512s] DEBUG:colcon.colcon_installed_package_information.package_discovery:Found 5 installed packages in /home/mbot/mbot_ros_labs/install
[0.513s] DEBUG:colcon.colcon_installed_package_information.package_discovery:Found 7 installed packages in /home/mbot/mbot_ws/install
[0.513s] DEBUG:colcon.colcon_installed_package_information.package_discovery:Found 3 installed packages in /home/mbot/microros_ws/install
[0.516s] DEBUG:colcon.colcon_installed_package_information.package_discovery:Found 399 installed packages in /opt/ros/jazzy
[0.517s] Level 1:colcon.colcon_core.package_discovery:discover_packages(prefix_path) using defaults
[0.611s] Level 5:colcon.colcon_core.verb:set package 'mbot_slam' build argument 'cmake_args' from command line to 'None'
[0.611s] Level 5:colcon.colcon_core.verb:set package 'mbot_slam' build argument 'cmake_target' from command line to 'None'
[0.611s] Level 5:colcon.colcon_core.verb:set package 'mbot_slam' build argument 'cmake_target_skip_unavailable' from command line to 'False'
[0.611s] Level 5:colcon.colcon_core.verb:set package 'mbot_slam' build argument 'cmake_clean_cache' from command line to 'False'
[0.611s] Level 5:colcon.colcon_core.verb:set package 'mbot_slam' build argument 'cmake_clean_first' from command line to 'False'
[0.611s] Level 5:colcon.colcon_core.verb:set package 'mbot_slam' build argument 'cmake_force_configure' from command line to 'False'
[0.611s] Level 5:colcon.colcon_core.verb:set package 'mbot_slam' build argument 'meson_args' from command line to '[]'
[0.611s] Level 5:colcon.colcon_core.verb:set package 'mbot_slam' build argument 'ament_cmake_args' from command line to 'None'
[0.611s] Level 5:colcon.colcon_core.verb:set package 'mbot_slam' build argument 'catkin_cmake_args' from command line to 'None'
[0.611s] Level 5:colcon.colcon_core.verb:set package 'mbot_slam' build argument 'catkin_skip_building_tests' from command line to 'False'
[0.611s] DEBUG:colcon.colcon_core.verb:Building package 'mbot_slam' with the following arguments: {'ament_cmake_args': None, 'build_base': '/home/mbot/mbot_ros_labs/src/build/mbot_slam', 'catkin_cmake_args': None, 'catkin_skip_building_tests': False, 'cmake_args': None, 'cmake_clean_cache': False, 'cmake_clean_first': False, 'cmake_force_configure': False, 'cmake_target': None, 'cmake_target_skip_unavailable': False, 'install_base': '/home/mbot/mbot_ros_labs/src/install/mbot_slam', 'merge_install': False, 'meson_args': [], 'path': '/home/mbot/mbot_ros_labs/src/mbot_slam', 'symlink_install': False, 'test_result_base': None}
[0.612s] INFO:colcon.colcon_core.executor:Executing jobs using 'parallel' executor
[0.613s] DEBUG:colcon.colcon_parallel_executor.executor.parallel:run_until_complete
[0.614s] INFO:colcon.colcon_ros.task.ament_cmake.build:Building ROS package in '/home/mbot/mbot_ros_labs/src/mbot_slam' with build type 'ament_cmake'
[0.614s] INFO:colcon.colcon_cmake.task.cmake.build:Building CMake package in '/home/mbot/mbot_ros_labs/src/mbot_slam'
[0.620s] INFO:colcon.colcon_core.plugin_system:Skipping extension 'colcon_core.shell.bat': Not used on non-Windows systems
[0.621s] INFO:colcon.colcon_core.shell:Skip shell extension 'powershell' for command environment: Not usable outside of PowerShell
[0.621s] DEBUG:colcon.colcon_core.shell:Skip shell extension 'dsv' for command environment
[0.638s] DEBUG:colcon.colcon_core.event_handler.log_command:Invoking command in '/home/mbot/mbot_ros_labs/src/build/mbot_slam': CMAKE_PREFIX_PATH=${CMAKE_PREFIX_PATH}:/home/mbot/mbot_ws/install/mbot_vision:/home/mbot/mbot_ws/install/mbot_bringup:/opt/ros/jazzy DEBUGINFOD_URLS=https://debuginfod.ubuntu.com /usr/bin/cmake --build /home/mbot/mbot_ros_labs/src/build/mbot_slam -- -j4 -l4
[30.521s] DEBUG:colcon.colcon_core.event_handler.log_command:Invoked command in '/home/mbot/mbot_ros_labs/src/build/mbot_slam' returned '0': CMAKE_PREFIX_PATH=${CMAKE_PREFIX_PATH}:/home/mbot/mbot_ws/install/mbot_vision:/home/mbot/mbot_ws/install/mbot_bringup:/opt/ros/jazzy DEBUGINFOD_URLS=https://debuginfod.ubuntu.com /usr/bin/cmake --build /home/mbot/mbot_ros_labs/src/build/mbot_slam -- -j4 -l4
[30.544s] DEBUG:colcon.colcon_core.event_handler.log_command:Invoking command in '/home/mbot/mbot_ros_labs/src/build/mbot_slam': CMAKE_PREFIX_PATH=${CMAKE_PREFIX_PATH}:/home/mbot/mbot_ws/install/mbot_vision:/home/mbot/mbot_ws/install/mbot_bringup:/opt/ros/jazzy DEBUGINFOD_URLS=https://debuginfod.ubuntu.com /usr/bin/cmake --install /home/mbot/mbot_ros_labs/src/build/mbot_slam
[30.586s] Level 1:colcon.colcon_core.environment:create_environment_scripts_only(mbot_slam)
[30.587s] DEBUG:colcon.colcon_core.event_handler.log_command:Invoked command in '/home/mbot/mbot_ros_labs/src/build/mbot_slam' returned '0': CMAKE_PREFIX_PATH=${CMAKE_PREFIX_PATH}:/home/mbot/mbot_ws/install/mbot_vision:/home/mbot/mbot_ws/install/mbot_bringup:/opt/ros/jazzy DEBUGINFOD_URLS=https://debuginfod.ubuntu.com /usr/bin/cmake --install /home/mbot/mbot_ros_labs/src/build/mbot_slam
[30.594s] Level 1:colcon.colcon_core.environment:checking '/home/mbot/mbot_ros_labs/src/install/mbot_slam' for CMake module files
[30.594s] Level 1:colcon.colcon_core.environment:checking '/home/mbot/mbot_ros_labs/src/install/mbot_slam' for CMake config files
[30.595s] Level 1:colcon.colcon_core.shell:create_environment_hook('mbot_slam', 'cmake_prefix_path')
[30.595s] INFO:colcon.colcon_core.shell:Creating environment hook '/home/mbot/mbot_ros_labs/src/install/mbot_slam/share/mbot_slam/hook/cmake_prefix_path.ps1'
[30.597s] INFO:colcon.colcon_core.shell:Creating environment descriptor '/home/mbot/mbot_ros_labs/src/install/mbot_slam/share/mbot_slam/hook/cmake_prefix_path.dsv'
[30.600s] INFO:colcon.colcon_core.shell:Creating environment hook '/home/mbot/mbot_ros_labs/src/install/mbot_slam/share/mbot_slam/hook/cmake_prefix_path.sh'
[30.603s] Level 1:colcon.colcon_core.environment:checking '/home/mbot/mbot_ros_labs/src/install/mbot_slam/lib'
[30.604s] Level 1:colcon.colcon_core.environment:checking '/home/mbot/mbot_ros_labs/src/install/mbot_slam/bin'
[30.604s] Level 1:colcon.colcon_core.environment:checking '/home/mbot/mbot_ros_labs/src/install/mbot_slam/lib/pkgconfig/mbot_slam.pc'
[30.604s] Level 1:colcon.colcon_core.environment:checking '/home/mbot/mbot_ros_labs/src/install/mbot_slam/lib/python3.12/site-packages'
[30.604s] Level 1:colcon.colcon_core.environment:checking '/home/mbot/mbot_ros_labs/src/install/mbot_slam/bin'
[30.605s] INFO:colcon.colcon_core.shell:Creating package script '/home/mbot/mbot_ros_labs/src/install/mbot_slam/share/mbot_slam/package.ps1'
[30.607s] INFO:colcon.colcon_core.shell:Creating package descriptor '/home/mbot/mbot_ros_labs/src/install/mbot_slam/share/mbot_slam/package.dsv'
[30.610s] INFO:colcon.colcon_core.shell:Creating package script '/home/mbot/mbot_ros_labs/src/install/mbot_slam/share/mbot_slam/package.sh'
[30.613s] INFO:colcon.colcon_core.shell:Creating package script '/home/mbot/mbot_ros_labs/src/install/mbot_slam/share/mbot_slam/package.bash'
[30.617s] INFO:colcon.colcon_core.shell:Creating package script '/home/mbot/mbot_ros_labs/src/install/mbot_slam/share/mbot_slam/package.zsh'
[30.620s] Level 1:colcon.colcon_core.environment:create_file_with_runtime_dependencies(/home/mbot/mbot_ros_labs/src/install/mbot_slam/share/colcon-core/packages/mbot_slam)
[30.624s] Level 1:colcon.colcon_core.environment:create_environment_scripts_only(mbot_slam)
[30.625s] Level 1:colcon.colcon_core.environment:checking '/home/mbot/mbot_ros_labs/src/install/mbot_slam' for CMake module files
[30.625s] Level 1:colcon.colcon_core.environment:checking '/home/mbot/mbot_ros_labs/src/install/mbot_slam' for CMake config files
[30.626s] Level 1:colcon.colcon_core.shell:create_environment_hook('mbot_slam', 'cmake_prefix_path')
[30.626s] INFO:colcon.colcon_core.shell:Creating environment hook '/home/mbot/mbot_ros_labs/src/install/mbot_slam/share/mbot_slam/hook/cmake_prefix_path.ps1'
[30.627s] INFO:colcon.colcon_core.shell:Creating environment descriptor '/home/mbot/mbot_ros_labs/src/install/mbot_slam/share/mbot_slam/hook/cmake_prefix_path.dsv'
[30.627s] INFO:colcon.colcon_core.shell:Creating environment hook '/home/mbot/mbot_ros_labs/src/install/mbot_slam/share/mbot_slam/hook/cmake_prefix_path.sh'
[30.628s] Level 1:colcon.colcon_core.environment:checking '/home/mbot/mbot_ros_labs/src/install/mbot_slam/lib'
[30.629s] Level 1:colcon.colcon_core.environment:checking '/home/mbot/mbot_ros_labs/src/install/mbot_slam/bin'
[30.629s] Level 1:colcon.colcon_core.environment:checking '/home/mbot/mbot_ros_labs/src/install/mbot_slam/lib/pkgconfig/mbot_slam.pc'
[30.629s] Level 1:colcon.colcon_core.environment:checking '/home/mbot/mbot_ros_labs/src/install/mbot_slam/lib/python3.12/site-packages'
[30.629s] Level 1:colcon.colcon_core.environment:checking '/home/mbot/mbot_ros_labs/src/install/mbot_slam/bin'
[30.630s] INFO:colcon.colcon_core.shell:Creating package script '/home/mbot/mbot_ros_labs/src/install/mbot_slam/share/mbot_slam/package.ps1'
[30.630s] INFO:colcon.colcon_core.shell:Creating package descriptor '/home/mbot/mbot_ros_labs/src/install/mbot_slam/share/mbot_slam/package.dsv'
[30.631s] INFO:colcon.colcon_core.shell:Creating package script '/home/mbot/mbot_ros_labs/src/install/mbot_slam/share/mbot_slam/package.sh'
[30.632s] INFO:colcon.colcon_core.shell:Creating package script '/home/mbot/mbot_ros_labs/src/install/mbot_slam/share/mbot_slam/package.bash'
[30.633s] INFO:colcon.colcon_core.shell:Creating package script '/home/mbot/mbot_ros_labs/src/install/mbot_slam/share/mbot_slam/package.zsh'
[30.633s] Level 1:colcon.colcon_core.environment:create_file_with_runtime_dependencies(/home/mbot/mbot_ros_labs/src/install/mbot_slam/share/colcon-core/packages/mbot_slam)
[30.635s] DEBUG:colcon.colcon_parallel_executor.executor.parallel:closing loop
[30.635s] DEBUG:colcon.colcon_parallel_executor.executor.parallel:loop closed
[30.635s] DEBUG:colcon.colcon_parallel_executor.executor.parallel:run_until_complete finished with '0'
[30.635s] DEBUG:colcon.colcon_core.event_reactor:joining thread
[30.649s] INFO:colcon.colcon_core.plugin_system:Skipping extension 'colcon_notification.desktop_notification.terminal_notifier': Not used on non-Darwin systems
[30.649s] INFO:colcon.colcon_core.plugin_system:Skipping extension 'colcon_notification.desktop_notification.win32': Not used on non-Windows systems
[30.649s] INFO:colcon.colcon_notification.desktop_notification:Sending desktop notification using 'notify2'
[30.651s] DEBUG:colcon.colcon_notification.desktop_notification.notify2:Failed to initialize notify2: org.freedesktop.DBus.Error.ServiceUnknown: The name org.freedesktop.Notifications was not provided by any .service files
[30.651s] DEBUG:colcon.colcon_core.event_reactor:joined thread
[30.652s] INFO:colcon.colcon_core.shell:Creating prefix script '/home/mbot/mbot_ros_labs/src/install/local_setup.ps1'
[30.654s] INFO:colcon.colcon_core.shell:Creating prefix util module '/home/mbot/mbot_ros_labs/src/install/_local_setup_util_ps1.py'
[30.660s] INFO:colcon.colcon_core.shell:Creating prefix chain script '/home/mbot/mbot_ros_labs/src/install/setup.ps1'
[30.664s] INFO:colcon.colcon_core.shell:Creating prefix script '/home/mbot/mbot_ros_labs/src/install/local_setup.sh'
[30.668s] INFO:colcon.colcon_core.shell:Creating prefix util module '/home/mbot/mbot_ros_labs/src/install/_local_setup_util_sh.py'
[30.670s] INFO:colcon.colcon_core.shell:Creating prefix chain script '/home/mbot/mbot_ros_labs/src/install/setup.sh'
[30.674s] INFO:colcon.colcon_core.shell:Creating prefix script '/home/mbot/mbot_ros_labs/src/install/local_setup.bash'
[30.679s] INFO:colcon.colcon_core.shell:Creating prefix chain script '/home/mbot/mbot_ros_labs/src/install/setup.bash'
[30.682s] INFO:colcon.colcon_core.shell:Creating prefix script '/home/mbot/mbot_ros_labs/src/install/local_setup.zsh'
[30.684s] INFO:colcon.colcon_core.shell:Creating prefix chain script '/home/mbot/mbot_ros_labs/src/install/setup.zsh'
