[0.036s] Invoking command in '/home/mbot/mbot_ros_labs/src/build/mbot_nav': CMAKE_PREFIX_PATH=${CMAKE_PREFIX_PATH}:/home/mbot/mbot_ws/install/mbot_vision:/home/mbot/mbot_ws/install/mbot_bringup:/opt/ros/jazzy DEBUGINFOD_URLS=https://debuginfod.ubuntu.com /usr/bin/cmake --build /home/mbot/mbot_ros_labs/src/build/mbot_nav -- -j4 -l4
[0.191s] [ 22%] Built target obstacle_distance_grid
[0.273s] [ 55%] Built target navigation_node
[0.278s] [100%] Built target exploration_node
[0.309s] Invoked command in '/home/mbot/mbot_ros_labs/src/build/mbot_nav' returned '0': CMAKE_PREFIX_PATH=${CMAKE_PREFIX_PATH}:/home/mbot/mbot_ws/install/mbot_vision:/home/mbot/mbot_ws/install/mbot_bringup:/opt/ros/jazzy DEBUGINFOD_URLS=https://debuginfod.ubuntu.com /usr/bin/cmake --build /home/mbot/mbot_ros_labs/src/build/mbot_nav -- -j4 -l4
[0.331s] Invoking command in '/home/mbot/mbot_ros_labs/src/build/mbot_nav': CMAKE_PREFIX_PATH=${CMAKE_PREFIX_PATH}:/home/mbot/mbot_ws/install/mbot_vision:/home/mbot/mbot_ws/install/mbot_bringup:/opt/ros/jazzy DEBUGINFOD_URLS=https://debuginfod.ubuntu.com /usr/bin/cmake --install /home/mbot/mbot_ros_labs/src/build/mbot_nav
[0.354s] -- Install configuration: ""
[0.355s] -- Up-to-date: /home/mbot/mbot_ros_labs/src/install/mbot_nav/lib/mbot_nav/navigation_node
[0.355s] -- Up-to-date: /home/mbot/mbot_ros_labs/src/install/mbot_nav/lib/mbot_nav/exploration_node
[0.355s] -- Up-to-date: /home/mbot/mbot_ros_labs/src/install/mbot_nav/lib/libobstacle_distance_grid.a
[0.356s] -- Up-to-date: /home/mbot/mbot_ros_labs/src/install/mbot_nav/share/mbot_nav/include
[0.356s] -- Up-to-date: /home/mbot/mbot_ros_labs/src/install/mbot_nav/share/mbot_nav/include/navigation_node.hpp
[0.356s] -- Up-to-date: /home/mbot/mbot_ros_labs/src/install/mbot_nav/share/mbot_nav/include/obstacle_distance_grid.hpp
[0.356s] -- Up-to-date: /home/mbot/mbot_ros_labs/src/install/mbot_nav/share/mbot_nav/include/exploration_node.hpp
[0.356s] -- Up-to-date: /home/mbot/mbot_ros_labs/src/install/mbot_nav/share/mbot_nav/include/astar.hpp
[0.356s] -- Up-to-date: /home/mbot/mbot_ros_labs/src/install/mbot_nav/share/mbot_nav/include/frontier_explorer.hpp
[0.356s] -- Up-to-date: /home/mbot/mbot_ros_labs/src/install/mbot_nav/share/mbot_nav/maps
[0.356s] -- Up-to-date: /home/mbot/mbot_ros_labs/src/install/mbot_nav/share/mbot_nav/maps/maze2.pgm
[0.357s] -- Installing: /home/mbot/mbot_ros_labs/src/install/mbot_nav/share/mbot_nav/maps/mpl.pgm
[0.357s] -- Up-to-date: /home/mbot/mbot_ros_labs/src/install/mbot_nav/share/mbot_nav/maps/maze1.pgm
[0.357s] -- Up-to-date: /home/mbot/mbot_ros_labs/src/install/mbot_nav/share/mbot_nav/maps/maze2.yaml
[0.357s] -- Up-to-date: /home/mbot/mbot_ros_labs/src/install/mbot_nav/share/mbot_nav/maps/ckpt3.pgm
[0.357s] -- Up-to-date: /home/mbot/mbot_ros_labs/src/install/mbot_nav/share/mbot_nav/maps/ckpt3.yaml
[0.357s] -- Up-to-date: /home/mbot/mbot_ros_labs/src/install/mbot_nav/share/mbot_nav/maps/maze1.yaml
[0.357s] -- Installing: /home/mbot/mbot_ros_labs/src/install/mbot_nav/share/mbot_nav/maps/mpl.yaml
[0.357s] -- Up-to-date: /home/mbot/mbot_ros_labs/src/install/mbot_nav/share/mbot_nav/launch
[0.357s] -- Up-to-date: /home/mbot/mbot_ros_labs/src/install/mbot_nav/share/mbot_nav/launch/path_planning.launch.py
[0.357s] -- Up-to-date: /home/mbot/mbot_ros_labs/src/install/mbot_nav/share/mbot_nav/rviz
[0.358s] -- Up-to-date: /home/mbot/mbot_ros_labs/src/install/mbot_nav/share/mbot_nav/rviz/path_planning.rviz
[0.358s] -- Up-to-date: /home/mbot/mbot_ros_labs/src/install/mbot_nav/share/ament_index/resource_index/package_run_dependencies/mbot_nav
[0.358s] -- Up-to-date: /home/mbot/mbot_ros_labs/src/install/mbot_nav/share/ament_index/resource_index/parent_prefix_path/mbot_nav
[0.358s] -- Up-to-date: /home/mbot/mbot_ros_labs/src/install/mbot_nav/share/mbot_nav/environment/ament_prefix_path.sh
[0.358s] -- Up-to-date: /home/mbot/mbot_ros_labs/src/install/mbot_nav/share/mbot_nav/environment/ament_prefix_path.dsv
[0.358s] -- Up-to-date: /home/mbot/mbot_ros_labs/src/install/mbot_nav/share/mbot_nav/environment/path.sh
[0.358s] -- Up-to-date: /home/mbot/mbot_ros_labs/src/install/mbot_nav/share/mbot_nav/environment/path.dsv
[0.358s] -- Up-to-date: /home/mbot/mbot_ros_labs/src/install/mbot_nav/share/mbot_nav/local_setup.bash
[0.358s] -- Up-to-date: /home/mbot/mbot_ros_labs/src/install/mbot_nav/share/mbot_nav/local_setup.sh
[0.358s] -- Up-to-date: /home/mbot/mbot_ros_labs/src/install/mbot_nav/share/mbot_nav/local_setup.zsh
[0.358s] -- Up-to-date: /home/mbot/mbot_ros_labs/src/install/mbot_nav/share/mbot_nav/local_setup.dsv
[0.359s] -- Installing: /home/mbot/mbot_ros_labs/src/install/mbot_nav/share/mbot_nav/package.dsv
[0.359s] -- Up-to-date: /home/mbot/mbot_ros_labs/src/install/mbot_nav/share/ament_index/resource_index/packages/mbot_nav
[0.359s] -- Up-to-date: /home/mbot/mbot_ros_labs/src/install/mbot_nav/share/mbot_nav/cmake/mbot_navConfig.cmake
[0.359s] -- Up-to-date: /home/mbot/mbot_ros_labs/src/install/mbot_nav/share/mbot_nav/cmake/mbot_navConfig-version.cmake
[0.359s] -- Up-to-date: /home/mbot/mbot_ros_labs/src/install/mbot_nav/share/mbot_nav/package.xml
[0.361s] Invoked command in '/home/mbot/mbot_ros_labs/src/build/mbot_nav' returned '0': CMAKE_PREFIX_PATH=${CMAKE_PREFIX_PATH}:/home/mbot/mbot_ws/install/mbot_vision:/home/mbot/mbot_ws/install/mbot_bringup:/opt/ros/jazzy DEBUGINFOD_URLS=https://debuginfod.ubuntu.com /usr/bin/cmake --install /home/mbot/mbot_ros_labs/src/build/mbot_nav
