[0.518s] DEBUG:colcon:Command line arguments: ['/usr/bin/colcon', 'build', '--packages-select', 'mbot_slam']
[0.518s] DEBUG:colcon:Parsed command line arguments: Namespace(log_base=None, log_level=None, verb_name='build', build_base='build', install_base='install', merge_install=False, symlink_install=False, test_result_base=None, continue_on_error=False, executor='parallel', parallel_workers=4, event_handlers=None, ignore_user_meta=False, metas=['./colcon.meta'], base_paths=['.'], packages_ignore=None, packages_ignore_regex=None, paths=None, packages_up_to=None, packages_up_to_regex=None, packages_above=None, packages_above_and_dependencies=None, packages_above_depth=None, packages_select_by_dep=None, packages_skip_by_dep=None, packages_skip_up_to=None, packages_select_build_failed=False, packages_skip_build_finished=False, packages_select_test_failures=False, packages_skip_test_passed=False, packages_select=['mbot_slam'], packages_skip=None, packages_select_regex=None, packages_skip_regex=None, packages_start=None, packages_end=None, allow_overriding=[], cmake_args=None, cmake_target=None, cmake_target_skip_unavailable=False, cmake_clean_cache=False, cmake_clean_first=False, cmake_force_configure=False, meson_args=[], ament_cmake_args=None, catkin_cmake_args=None, catkin_skip_building_tests=False, verb_parser=<colcon_defaults.argument_parser.defaults.DefaultArgumentsDecorator object at 0xffff9dfd6c60>, verb_extension=<colcon_core.verb.build.BuildVerb object at 0xffff9dfd6750>, main=<bound method BuildVerb.main of <colcon_core.verb.build.BuildVerb object at 0xffff9dfd6750>>)
[0.637s] Level 1:colcon.colcon_core.package_discovery:discover_packages(colcon_meta) check parameters
[0.638s] Level 1:colcon.colcon_core.package_discovery:discover_packages(recursive) check parameters
[0.638s] Level 1:colcon.colcon_core.package_discovery:discover_packages(ignore) check parameters
[0.638s] Level 1:colcon.colcon_core.package_discovery:discover_packages(path) check parameters
[0.638s] Level 1:colcon.colcon_core.package_discovery:discover_packages(colcon_meta) discover
[0.638s] Level 1:colcon.colcon_core.package_discovery:discover_packages(recursive) discover
[0.638s] INFO:colcon.colcon_core.package_discovery:Crawling recursively for packages in '/home/mbot/mbot_ros_labs/src'
[0.638s] Level 1:colcon.colcon_core.package_identification:_identify(.) by extensions ['ignore', 'ignore_ament_install']
[0.639s] Level 1:colcon.colcon_core.package_identification:_identify(.) by extension 'ignore'
[0.639s] Level 1:colcon.colcon_core.package_identification:_identify(.) by extension 'ignore_ament_install'
[0.639s] Level 1:colcon.colcon_core.package_identification:_identify(.) by extensions ['colcon_pkg']
[0.639s] Level 1:colcon.colcon_core.package_identification:_identify(.) by extension 'colcon_pkg'
[0.639s] Level 1:colcon.colcon_core.package_identification:_identify(.) by extensions ['colcon_meta']
[0.639s] Level 1:colcon.colcon_core.package_identification:_identify(.) by extension 'colcon_meta'
[0.639s] Level 1:colcon.colcon_core.package_identification:_identify(.) by extensions ['ros']
[0.639s] Level 1:colcon.colcon_core.package_identification:_identify(.) by extension 'ros'
[0.768s] Level 1:colcon.colcon_core.package_identification:_identify(.) by extensions ['cmake', 'meson', 'python']
[0.768s] Level 1:colcon.colcon_core.package_identification:_identify(.) by extension 'cmake'
[0.769s] Level 1:colcon.colcon_core.package_identification:_identify(.) by extension 'meson'
[0.769s] Level 1:colcon.colcon_core.package_identification:_identify(.) by extension 'python'
[0.769s] Level 1:colcon.colcon_core.package_identification:_identify(.) by extensions ['python_setup_py']
[0.769s] Level 1:colcon.colcon_core.package_identification:_identify(.) by extension 'python_setup_py'
[0.769s] Level 1:colcon.colcon_core.package_identification:_identify(build) by extensions ['ignore', 'ignore_ament_install']
[0.770s] Level 1:colcon.colcon_core.package_identification:_identify(build) by extension 'ignore'
[0.770s] Level 1:colcon.colcon_core.package_identification:_identify(build) ignored
[0.770s] Level 1:colcon.colcon_core.package_identification:_identify(install) by extensions ['ignore', 'ignore_ament_install']
[0.770s] Level 1:colcon.colcon_core.package_identification:_identify(install) by extension 'ignore'
[0.770s] Level 1:colcon.colcon_core.package_identification:_identify(install) ignored
[0.770s] Level 1:colcon.colcon_core.package_identification:_identify(log) by extensions ['ignore', 'ignore_ament_install']
[0.771s] Level 1:colcon.colcon_core.package_identification:_identify(log) by extension 'ignore'
[0.771s] Level 1:colcon.colcon_core.package_identification:_identify(log) ignored
[0.771s] Level 1:colcon.colcon_core.package_identification:_identify(mbot_localization) by extensions ['ignore', 'ignore_ament_install']
[0.771s] Level 1:colcon.colcon_core.package_identification:_identify(mbot_localization) by extension 'ignore'
[0.771s] Level 1:colcon.colcon_core.package_identification:_identify(mbot_localization) by extension 'ignore_ament_install'
[0.771s] Level 1:colcon.colcon_core.package_identification:_identify(mbot_localization) by extensions ['colcon_pkg']
[0.771s] Level 1:colcon.colcon_core.package_identification:_identify(mbot_localization) by extension 'colcon_pkg'
[0.771s] Level 1:colcon.colcon_core.package_identification:_identify(mbot_localization) by extensions ['colcon_meta']
[0.771s] Level 1:colcon.colcon_core.package_identification:_identify(mbot_localization) by extension 'colcon_meta'
[0.771s] Level 1:colcon.colcon_core.package_identification:_identify(mbot_localization) by extensions ['ros']
[0.771s] Level 1:colcon.colcon_core.package_identification:_identify(mbot_localization) by extension 'ros'
[0.778s] DEBUG:colcon.colcon_core.package_identification:Package 'mbot_localization' with type 'ros.ament_cmake' and name 'mbot_localization'
[0.778s] Level 1:colcon.colcon_core.package_identification:_identify(mbot_mapping) by extensions ['ignore', 'ignore_ament_install']
[0.778s] Level 1:colcon.colcon_core.package_identification:_identify(mbot_mapping) by extension 'ignore'
[0.779s] Level 1:colcon.colcon_core.package_identification:_identify(mbot_mapping) by extension 'ignore_ament_install'
[0.779s] Level 1:colcon.colcon_core.package_identification:_identify(mbot_mapping) by extensions ['colcon_pkg']
[0.779s] Level 1:colcon.colcon_core.package_identification:_identify(mbot_mapping) by extension 'colcon_pkg'
[0.779s] Level 1:colcon.colcon_core.package_identification:_identify(mbot_mapping) by extensions ['colcon_meta']
[0.779s] Level 1:colcon.colcon_core.package_identification:_identify(mbot_mapping) by extension 'colcon_meta'
[0.779s] Level 1:colcon.colcon_core.package_identification:_identify(mbot_mapping) by extensions ['ros']
[0.779s] Level 1:colcon.colcon_core.package_identification:_identify(mbot_mapping) by extension 'ros'
[0.781s] DEBUG:colcon.colcon_core.package_identification:Package 'mbot_mapping' with type 'ros.ament_cmake' and name 'mbot_mapping'
[0.781s] Level 1:colcon.colcon_core.package_identification:_identify(mbot_nav) by extensions ['ignore', 'ignore_ament_install']
[0.781s] Level 1:colcon.colcon_core.package_identification:_identify(mbot_nav) by extension 'ignore'
[0.781s] Level 1:colcon.colcon_core.package_identification:_identify(mbot_nav) by extension 'ignore_ament_install'
[0.781s] Level 1:colcon.colcon_core.package_identification:_identify(mbot_nav) by extensions ['colcon_pkg']
[0.782s] Level 1:colcon.colcon_core.package_identification:_identify(mbot_nav) by extension 'colcon_pkg'
[0.782s] Level 1:colcon.colcon_core.package_identification:_identify(mbot_nav) by extensions ['colcon_meta']
[0.782s] Level 1:colcon.colcon_core.package_identification:_identify(mbot_nav) by extension 'colcon_meta'
[0.782s] Level 1:colcon.colcon_core.package_identification:_identify(mbot_nav) by extensions ['ros']
[0.782s] Level 1:colcon.colcon_core.package_identification:_identify(mbot_nav) by extension 'ros'
[0.784s] DEBUG:colcon.colcon_core.package_identification:Package 'mbot_nav' with type 'ros.ament_cmake' and name 'mbot_nav'
[0.785s] Level 1:colcon.colcon_core.package_identification:_identify(mbot_rosbags) by extensions ['ignore', 'ignore_ament_install']
[0.786s] Level 1:colcon.colcon_core.package_identification:_identify(mbot_rosbags) by extension 'ignore'
[0.786s] Level 1:colcon.colcon_core.package_identification:_identify(mbot_rosbags) by extension 'ignore_ament_install'
[0.787s] Level 1:colcon.colcon_core.package_identification:_identify(mbot_rosbags) by extensions ['colcon_pkg']
[0.787s] Level 1:colcon.colcon_core.package_identification:_identify(mbot_rosbags) by extension 'colcon_pkg'
[0.787s] Level 1:colcon.colcon_core.package_identification:_identify(mbot_rosbags) by extensions ['colcon_meta']
[0.787s] Level 1:colcon.colcon_core.package_identification:_identify(mbot_rosbags) by extension 'colcon_meta'
[0.787s] Level 1:colcon.colcon_core.package_identification:_identify(mbot_rosbags) by extensions ['ros']
[0.787s] Level 1:colcon.colcon_core.package_identification:_identify(mbot_rosbags) by extension 'ros'
[0.788s] Level 1:colcon.colcon_core.package_identification:_identify(mbot_rosbags) by extensions ['cmake', 'meson', 'python']
[0.788s] Level 1:colcon.colcon_core.package_identification:_identify(mbot_rosbags) by extension 'cmake'
[0.788s] Level 1:colcon.colcon_core.package_identification:_identify(mbot_rosbags) by extension 'meson'
[0.788s] Level 1:colcon.colcon_core.package_identification:_identify(mbot_rosbags) by extension 'python'
[0.788s] Level 1:colcon.colcon_core.package_identification:_identify(mbot_rosbags) by extensions ['python_setup_py']
[0.788s] Level 1:colcon.colcon_core.package_identification:_identify(mbot_rosbags) by extension 'python_setup_py'
[0.788s] Level 1:colcon.colcon_core.package_identification:_identify(mbot_rosbags/maze1) by extensions ['ignore', 'ignore_ament_install']
[0.789s] Level 1:colcon.colcon_core.package_identification:_identify(mbot_rosbags/maze1) by extension 'ignore'
[0.789s] Level 1:colcon.colcon_core.package_identification:_identify(mbot_rosbags/maze1) by extension 'ignore_ament_install'
[0.789s] Level 1:colcon.colcon_core.package_identification:_identify(mbot_rosbags/maze1) by extensions ['colcon_pkg']
[0.789s] Level 1:colcon.colcon_core.package_identification:_identify(mbot_rosbags/maze1) by extension 'colcon_pkg'
[0.789s] Level 1:colcon.colcon_core.package_identification:_identify(mbot_rosbags/maze1) by extensions ['colcon_meta']
[0.789s] Level 1:colcon.colcon_core.package_identification:_identify(mbot_rosbags/maze1) by extension 'colcon_meta'
[0.789s] Level 1:colcon.colcon_core.package_identification:_identify(mbot_rosbags/maze1) by extensions ['ros']
[0.789s] Level 1:colcon.colcon_core.package_identification:_identify(mbot_rosbags/maze1) by extension 'ros'
[0.789s] Level 1:colcon.colcon_core.package_identification:_identify(mbot_rosbags/maze1) by extensions ['cmake', 'meson', 'python']
[0.789s] Level 1:colcon.colcon_core.package_identification:_identify(mbot_rosbags/maze1) by extension 'cmake'
[0.789s] Level 1:colcon.colcon_core.package_identification:_identify(mbot_rosbags/maze1) by extension 'meson'
[0.789s] Level 1:colcon.colcon_core.package_identification:_identify(mbot_rosbags/maze1) by extension 'python'
[0.789s] Level 1:colcon.colcon_core.package_identification:_identify(mbot_rosbags/maze1) by extensions ['python_setup_py']
[0.789s] Level 1:colcon.colcon_core.package_identification:_identify(mbot_rosbags/maze1) by extension 'python_setup_py'
[0.790s] Level 1:colcon.colcon_core.package_identification:_identify(mbot_rosbags/slam_test) by extensions ['ignore', 'ignore_ament_install']
[0.790s] Level 1:colcon.colcon_core.package_identification:_identify(mbot_rosbags/slam_test) by extension 'ignore'
[0.790s] Level 1:colcon.colcon_core.package_identification:_identify(mbot_rosbags/slam_test) by extension 'ignore_ament_install'
[0.790s] Level 1:colcon.colcon_core.package_identification:_identify(mbot_rosbags/slam_test) by extensions ['colcon_pkg']
[0.790s] Level 1:colcon.colcon_core.package_identification:_identify(mbot_rosbags/slam_test) by extension 'colcon_pkg'
[0.790s] Level 1:colcon.colcon_core.package_identification:_identify(mbot_rosbags/slam_test) by extensions ['colcon_meta']
[0.790s] Level 1:colcon.colcon_core.package_identification:_identify(mbot_rosbags/slam_test) by extension 'colcon_meta'
[0.790s] Level 1:colcon.colcon_core.package_identification:_identify(mbot_rosbags/slam_test) by extensions ['ros']
[0.790s] Level 1:colcon.colcon_core.package_identification:_identify(mbot_rosbags/slam_test) by extension 'ros'
[0.790s] Level 1:colcon.colcon_core.package_identification:_identify(mbot_rosbags/slam_test) by extensions ['cmake', 'meson', 'python']
[0.790s] Level 1:colcon.colcon_core.package_identification:_identify(mbot_rosbags/slam_test) by extension 'cmake'
[0.791s] Level 1:colcon.colcon_core.package_identification:_identify(mbot_rosbags/slam_test) by extension 'meson'
[0.791s] Level 1:colcon.colcon_core.package_identification:_identify(mbot_rosbags/slam_test) by extension 'python'
[0.791s] Level 1:colcon.colcon_core.package_identification:_identify(mbot_rosbags/slam_test) by extensions ['python_setup_py']
[0.791s] Level 1:colcon.colcon_core.package_identification:_identify(mbot_rosbags/slam_test) by extension 'python_setup_py'
[0.791s] Level 1:colcon.colcon_core.package_identification:_identify(mbot_setpoint) by extensions ['ignore', 'ignore_ament_install']
[0.791s] Level 1:colcon.colcon_core.package_identification:_identify(mbot_setpoint) by extension 'ignore'
[0.791s] Level 1:colcon.colcon_core.package_identification:_identify(mbot_setpoint) by extension 'ignore_ament_install'
[0.792s] Level 1:colcon.colcon_core.package_identification:_identify(mbot_setpoint) by extensions ['colcon_pkg']
[0.792s] Level 1:colcon.colcon_core.package_identification:_identify(mbot_setpoint) by extension 'colcon_pkg'
[0.792s] Level 1:colcon.colcon_core.package_identification:_identify(mbot_setpoint) by extensions ['colcon_meta']
[0.792s] Level 1:colcon.colcon_core.package_identification:_identify(mbot_setpoint) by extension 'colcon_meta'
[0.792s] Level 1:colcon.colcon_core.package_identification:_identify(mbot_setpoint) by extensions ['ros']
[0.792s] Level 1:colcon.colcon_core.package_identification:_identify(mbot_setpoint) by extension 'ros'
[0.795s] DEBUG:colcon.colcon_core.package_identification:Package 'mbot_setpoint' with type 'ros.ament_cmake' and name 'mbot_setpoint'
[0.795s] Level 1:colcon.colcon_core.package_identification:_identify(mbot_slam) by extensions ['ignore', 'ignore_ament_install']
[0.795s] Level 1:colcon.colcon_core.package_identification:_identify(mbot_slam) by extension 'ignore'
[0.795s] Level 1:colcon.colcon_core.package_identification:_identify(mbot_slam) by extension 'ignore_ament_install'
[0.795s] Level 1:colcon.colcon_core.package_identification:_identify(mbot_slam) by extensions ['colcon_pkg']
[0.795s] Level 1:colcon.colcon_core.package_identification:_identify(mbot_slam) by extension 'colcon_pkg'
[0.795s] Level 1:colcon.colcon_core.package_identification:_identify(mbot_slam) by extensions ['colcon_meta']
[0.796s] Level 1:colcon.colcon_core.package_identification:_identify(mbot_slam) by extension 'colcon_meta'
[0.796s] Level 1:colcon.colcon_core.package_identification:_identify(mbot_slam) by extensions ['ros']
[0.796s] Level 1:colcon.colcon_core.package_identification:_identify(mbot_slam) by extension 'ros'
[0.797s] DEBUG:colcon.colcon_core.package_identification:Package 'mbot_slam' with type 'ros.ament_cmake' and name 'mbot_slam'
[0.797s] Level 1:colcon.colcon_core.package_discovery:discover_packages(recursive) using defaults
[0.798s] Level 1:colcon.colcon_core.package_discovery:discover_packages(ignore) discover
[0.798s] Level 1:colcon.colcon_core.package_discovery:discover_packages(ignore) using defaults
[0.798s] Level 1:colcon.colcon_core.package_discovery:discover_packages(path) discover
[0.798s] Level 1:colcon.colcon_core.package_discovery:discover_packages(path) using defaults
[0.832s] INFO:colcon.colcon_core.package_selection:Skipping not selected package 'mbot_localization' in 'mbot_localization'
[0.832s] INFO:colcon.colcon_core.package_selection:Skipping not selected package 'mbot_mapping' in 'mbot_mapping'
[0.832s] INFO:colcon.colcon_core.package_selection:Skipping not selected package 'mbot_nav' in 'mbot_nav'
[0.832s] INFO:colcon.colcon_core.package_selection:Skipping not selected package 'mbot_setpoint' in 'mbot_setpoint'
[0.833s] Level 1:colcon.colcon_core.package_discovery:discover_packages(prefix_path) check parameters
[0.833s] Level 1:colcon.colcon_core.package_discovery:discover_packages(prefix_path) discover
[0.837s] DEBUG:colcon.colcon_installed_package_information.package_discovery:Found 5 installed packages in /home/mbot/mbot_ros_labs/install
[0.838s] DEBUG:colcon.colcon_installed_package_information.package_discovery:Found 7 installed packages in /home/mbot/mbot_ws/install
[0.839s] DEBUG:colcon.colcon_installed_package_information.package_discovery:Found 3 installed packages in /home/mbot/microros_ws/install
[0.842s] DEBUG:colcon.colcon_installed_package_information.package_discovery:Found 399 installed packages in /opt/ros/jazzy
[0.845s] Level 1:colcon.colcon_core.package_discovery:discover_packages(prefix_path) using defaults
[0.991s] Level 5:colcon.colcon_core.verb:set package 'mbot_slam' build argument 'cmake_args' from command line to 'None'
[0.991s] Level 5:colcon.colcon_core.verb:set package 'mbot_slam' build argument 'cmake_target' from command line to 'None'
[0.991s] Level 5:colcon.colcon_core.verb:set package 'mbot_slam' build argument 'cmake_target_skip_unavailable' from command line to 'False'
[0.991s] Level 5:colcon.colcon_core.verb:set package 'mbot_slam' build argument 'cmake_clean_cache' from command line to 'False'
[0.991s] Level 5:colcon.colcon_core.verb:set package 'mbot_slam' build argument 'cmake_clean_first' from command line to 'False'
[0.991s] Level 5:colcon.colcon_core.verb:set package 'mbot_slam' build argument 'cmake_force_configure' from command line to 'False'
[0.991s] Level 5:colcon.colcon_core.verb:set package 'mbot_slam' build argument 'meson_args' from command line to '[]'
[0.991s] Level 5:colcon.colcon_core.verb:set package 'mbot_slam' build argument 'ament_cmake_args' from command line to 'None'
[0.991s] Level 5:colcon.colcon_core.verb:set package 'mbot_slam' build argument 'catkin_cmake_args' from command line to 'None'
[0.991s] Level 5:colcon.colcon_core.verb:set package 'mbot_slam' build argument 'catkin_skip_building_tests' from command line to 'False'
[0.991s] DEBUG:colcon.colcon_core.verb:Building package 'mbot_slam' with the following arguments: {'ament_cmake_args': None, 'build_base': '/home/mbot/mbot_ros_labs/src/build/mbot_slam', 'catkin_cmake_args': None, 'catkin_skip_building_tests': False, 'cmake_args': None, 'cmake_clean_cache': False, 'cmake_clean_first': False, 'cmake_force_configure': False, 'cmake_target': None, 'cmake_target_skip_unavailable': False, 'install_base': '/home/mbot/mbot_ros_labs/src/install/mbot_slam', 'merge_install': False, 'meson_args': [], 'path': '/home/mbot/mbot_ros_labs/src/mbot_slam', 'symlink_install': False, 'test_result_base': None}
[0.992s] INFO:colcon.colcon_core.executor:Executing jobs using 'parallel' executor
[0.994s] DEBUG:colcon.colcon_parallel_executor.executor.parallel:run_until_complete
[0.995s] INFO:colcon.colcon_ros.task.ament_cmake.build:Building ROS package in '/home/mbot/mbot_ros_labs/src/mbot_slam' with build type 'ament_cmake'
[0.995s] INFO:colcon.colcon_cmake.task.cmake.build:Building CMake package in '/home/mbot/mbot_ros_labs/src/mbot_slam'
[0.999s] INFO:colcon.colcon_core.plugin_system:Skipping extension 'colcon_core.shell.bat': Not used on non-Windows systems
[1.000s] INFO:colcon.colcon_core.shell:Skip shell extension 'powershell' for command environment: Not usable outside of PowerShell
[1.000s] DEBUG:colcon.colcon_core.shell:Skip shell extension 'dsv' for command environment
[1.020s] DEBUG:colcon.colcon_core.event_handler.log_command:Invoking command in '/home/mbot/mbot_ros_labs/src/build/mbot_slam': CMAKE_PREFIX_PATH=${CMAKE_PREFIX_PATH}:/home/mbot/mbot_ws/install/mbot_vision:/home/mbot/mbot_ws/install/mbot_bringup:/opt/ros/jazzy DEBUGINFOD_URLS=https://debuginfod.ubuntu.com /usr/bin/cmake /home/mbot/mbot_ros_labs/src/mbot_slam -DCMAKE_INSTALL_PREFIX=/home/mbot/mbot_ros_labs/src/install/mbot_slam
[7.221s] DEBUG:colcon.colcon_core.event_handler.log_command:Invoked command in '/home/mbot/mbot_ros_labs/src/build/mbot_slam' returned '0': CMAKE_PREFIX_PATH=${CMAKE_PREFIX_PATH}:/home/mbot/mbot_ws/install/mbot_vision:/home/mbot/mbot_ws/install/mbot_bringup:/opt/ros/jazzy DEBUGINFOD_URLS=https://debuginfod.ubuntu.com /usr/bin/cmake /home/mbot/mbot_ros_labs/src/mbot_slam -DCMAKE_INSTALL_PREFIX=/home/mbot/mbot_ros_labs/src/install/mbot_slam
[7.224s] DEBUG:colcon.colcon_core.event_handler.log_command:Invoking command in '/home/mbot/mbot_ros_labs/src/build/mbot_slam': CMAKE_PREFIX_PATH=${CMAKE_PREFIX_PATH}:/home/mbot/mbot_ws/install/mbot_vision:/home/mbot/mbot_ws/install/mbot_bringup:/opt/ros/jazzy DEBUGINFOD_URLS=https://debuginfod.ubuntu.com /usr/bin/cmake --build /home/mbot/mbot_ros_labs/src/build/mbot_slam -- -j4 -l4
[30.972s] DEBUG:colcon.colcon_parallel_executor.executor.parallel:run_until_complete was interrupted
[30.972s] DEBUG:colcon.colcon_parallel_executor.executor.parallel:run_until_complete again
[31.008s] DEBUG:colcon.colcon_core.event_handler.log_command:Invoked command in '/home/mbot/mbot_ros_labs/src/build/mbot_slam' returned '-2': CMAKE_PREFIX_PATH=${CMAKE_PREFIX_PATH}:/home/mbot/mbot_ws/install/mbot_vision:/home/mbot/mbot_ws/install/mbot_bringup:/opt/ros/jazzy DEBUGINFOD_URLS=https://debuginfod.ubuntu.com /usr/bin/cmake --build /home/mbot/mbot_ros_labs/src/build/mbot_slam -- -j4 -l4
[31.008s] Level 1:colcon.colcon_core.environment:create_environment_scripts_only(mbot_slam)
[31.012s] Level 1:colcon.colcon_core.environment:checking '/home/mbot/mbot_ros_labs/src/install/mbot_slam' for CMake module files
[31.013s] Level 1:colcon.colcon_core.environment:checking '/home/mbot/mbot_ros_labs/src/install/mbot_slam' for CMake config files
[31.014s] Level 1:colcon.colcon_core.environment:checking '/home/mbot/mbot_ros_labs/src/install/mbot_slam/bin'
[31.014s] Level 1:colcon.colcon_core.environment:checking '/home/mbot/mbot_ros_labs/src/install/mbot_slam/lib/pkgconfig/mbot_slam.pc'
[31.015s] Level 1:colcon.colcon_core.environment:checking '/home/mbot/mbot_ros_labs/src/install/mbot_slam/lib/python3.12/site-packages'
[31.015s] Level 1:colcon.colcon_core.environment:checking '/home/mbot/mbot_ros_labs/src/install/mbot_slam/bin'
[31.018s] INFO:colcon.colcon_core.shell:Creating package script '/home/mbot/mbot_ros_labs/src/install/mbot_slam/share/mbot_slam/package.ps1'
[31.021s] INFO:colcon.colcon_core.shell:Creating package descriptor '/home/mbot/mbot_ros_labs/src/install/mbot_slam/share/mbot_slam/package.dsv'
[31.022s] INFO:colcon.colcon_core.shell:Creating package script '/home/mbot/mbot_ros_labs/src/install/mbot_slam/share/mbot_slam/package.sh'
[31.024s] INFO:colcon.colcon_core.shell:Creating package script '/home/mbot/mbot_ros_labs/src/install/mbot_slam/share/mbot_slam/package.bash'
[31.025s] INFO:colcon.colcon_core.shell:Creating package script '/home/mbot/mbot_ros_labs/src/install/mbot_slam/share/mbot_slam/package.zsh'
[31.026s] Level 1:colcon.colcon_core.environment:create_file_with_runtime_dependencies(/home/mbot/mbot_ros_labs/src/install/mbot_slam/share/colcon-core/packages/mbot_slam)
[31.037s] DEBUG:colcon.colcon_parallel_executor.executor.parallel:run_until_complete finished
[31.037s] DEBUG:colcon.colcon_parallel_executor.executor.parallel:closing loop
[31.037s] DEBUG:colcon.colcon_parallel_executor.executor.parallel:loop closed
[31.038s] DEBUG:colcon.colcon_core.event_reactor:joining thread
[31.050s] INFO:colcon.colcon_core.plugin_system:Skipping extension 'colcon_notification.desktop_notification.terminal_notifier': Not used on non-Darwin systems
[31.051s] INFO:colcon.colcon_core.plugin_system:Skipping extension 'colcon_notification.desktop_notification.win32': Not used on non-Windows systems
[31.051s] INFO:colcon.colcon_notification.desktop_notification:Sending desktop notification using 'notify2'
[31.183s] DEBUG:colcon.colcon_core.event_reactor:joined thread
[31.184s] INFO:colcon.colcon_core.shell:Creating prefix script '/home/mbot/mbot_ros_labs/src/install/local_setup.ps1'
[31.186s] INFO:colcon.colcon_core.shell:Creating prefix util module '/home/mbot/mbot_ros_labs/src/install/_local_setup_util_ps1.py'
[31.189s] INFO:colcon.colcon_core.shell:Creating prefix chain script '/home/mbot/mbot_ros_labs/src/install/setup.ps1'
[31.192s] INFO:colcon.colcon_core.shell:Creating prefix script '/home/mbot/mbot_ros_labs/src/install/local_setup.sh'
[31.193s] INFO:colcon.colcon_core.shell:Creating prefix util module '/home/mbot/mbot_ros_labs/src/install/_local_setup_util_sh.py'
[31.195s] INFO:colcon.colcon_core.shell:Creating prefix chain script '/home/mbot/mbot_ros_labs/src/install/setup.sh'
[31.200s] INFO:colcon.colcon_core.shell:Creating prefix script '/home/mbot/mbot_ros_labs/src/install/local_setup.bash'
[31.203s] INFO:colcon.colcon_core.shell:Creating prefix chain script '/home/mbot/mbot_ros_labs/src/install/setup.bash'
[31.207s] INFO:colcon.colcon_core.shell:Creating prefix script '/home/mbot/mbot_ros_labs/src/install/local_setup.zsh'
[31.208s] INFO:colcon.colcon_core.shell:Creating prefix chain script '/home/mbot/mbot_ros_labs/src/install/setup.zsh'
