[0.691s] DEBUG:colcon:Command line arguments: ['/usr/bin/colcon', 'build', '--packages-select', 'mbot_nav']
[0.691s] DEBUG:colcon:Parsed command line arguments: Namespace(log_base=None, log_level=None, verb_name='build', build_base='build', install_base='install', merge_install=False, symlink_install=False, test_result_base=None, continue_on_error=False, executor='parallel', parallel_workers=4, event_handlers=None, ignore_user_meta=False, metas=['./colcon.meta'], base_paths=['.'], packages_ignore=None, packages_ignore_regex=None, paths=None, packages_up_to=None, packages_up_to_regex=None, packages_above=None, packages_above_and_dependencies=None, packages_above_depth=None, packages_select_by_dep=None, packages_skip_by_dep=None, packages_skip_up_to=None, packages_select_build_failed=False, packages_skip_build_finished=False, packages_select_test_failures=False, packages_skip_test_passed=False, packages_select=['mbot_nav'], packages_skip=None, packages_select_regex=None, packages_skip_regex=None, packages_start=None, packages_end=None, allow_overriding=[], cmake_args=None, cmake_target=None, cmake_target_skip_unavailable=False, cmake_clean_cache=False, cmake_clean_first=False, cmake_force_configure=False, meson_args=[], ament_cmake_args=None, catkin_cmake_args=None, catkin_skip_building_tests=False, verb_parser=<colcon_defaults.argument_parser.defaults.DefaultArgumentsDecorator object at 0xffffa8e2eae0>, verb_extension=<colcon_core.verb.build.BuildVerb object at 0xffffa8e2e630>, main=<bound method BuildVerb.main of <colcon_core.verb.build.BuildVerb object at 0xffffa8e2e630>>)
[0.806s] Level 1:colcon.colcon_core.package_discovery:discover_packages(colcon_meta) check parameters
[0.806s] Level 1:colcon.colcon_core.package_discovery:discover_packages(recursive) check parameters
[0.806s] Level 1:colcon.colcon_core.package_discovery:discover_packages(ignore) check parameters
[0.806s] Level 1:colcon.colcon_core.package_discovery:discover_packages(path) check parameters
[0.806s] Level 1:colcon.colcon_core.package_discovery:discover_packages(colcon_meta) discover
[0.806s] Level 1:colcon.colcon_core.package_discovery:discover_packages(recursive) discover
[0.806s] INFO:colcon.colcon_core.package_discovery:Crawling recursively for packages in '/home/mbot/mbot_ros_labs/src'
[0.807s] Level 1:colcon.colcon_core.package_identification:_identify(.) by extensions ['ignore', 'ignore_ament_install']
[0.807s] Level 1:colcon.colcon_core.package_identification:_identify(.) by extension 'ignore'
[0.807s] Level 1:colcon.colcon_core.package_identification:_identify(.) by extension 'ignore_ament_install'
[0.807s] Level 1:colcon.colcon_core.package_identification:_identify(.) by extensions ['colcon_pkg']
[0.807s] Level 1:colcon.colcon_core.package_identification:_identify(.) by extension 'colcon_pkg'
[0.807s] Level 1:colcon.colcon_core.package_identification:_identify(.) by extensions ['colcon_meta']
[0.807s] Level 1:colcon.colcon_core.package_identification:_identify(.) by extension 'colcon_meta'
[0.807s] Level 1:colcon.colcon_core.package_identification:_identify(.) by extensions ['ros']
[0.807s] Level 1:colcon.colcon_core.package_identification:_identify(.) by extension 'ros'
[0.883s] Level 1:colcon.colcon_core.package_identification:_identify(.) by extensions ['cmake', 'meson', 'python']
[0.883s] Level 1:colcon.colcon_core.package_identification:_identify(.) by extension 'cmake'
[0.883s] Level 1:colcon.colcon_core.package_identification:_identify(.) by extension 'meson'
[0.883s] Level 1:colcon.colcon_core.package_identification:_identify(.) by extension 'python'
[0.883s] Level 1:colcon.colcon_core.package_identification:_identify(.) by extensions ['python_setup_py']
[0.883s] Level 1:colcon.colcon_core.package_identification:_identify(.) by extension 'python_setup_py'
[0.883s] Level 1:colcon.colcon_core.package_identification:_identify(build) by extensions ['ignore', 'ignore_ament_install']
[0.883s] Level 1:colcon.colcon_core.package_identification:_identify(build) by extension 'ignore'
[0.884s] Level 1:colcon.colcon_core.package_identification:_identify(build) ignored
[0.884s] Level 1:colcon.colcon_core.package_identification:_identify(install) by extensions ['ignore', 'ignore_ament_install']
[0.884s] Level 1:colcon.colcon_core.package_identification:_identify(install) by extension 'ignore'
[0.884s] Level 1:colcon.colcon_core.package_identification:_identify(install) ignored
[0.884s] Level 1:colcon.colcon_core.package_identification:_identify(log) by extensions ['ignore', 'ignore_ament_install']
[0.884s] Level 1:colcon.colcon_core.package_identification:_identify(log) by extension 'ignore'
[0.884s] Level 1:colcon.colcon_core.package_identification:_identify(log) ignored
[0.884s] Level 1:colcon.colcon_core.package_identification:_identify(mbot_localization) by extensions ['ignore', 'ignore_ament_install']
[0.884s] Level 1:colcon.colcon_core.package_identification:_identify(mbot_localization) by extension 'ignore'
[0.884s] Level 1:colcon.colcon_core.package_identification:_identify(mbot_localization) by extension 'ignore_ament_install'
[0.885s] Level 1:colcon.colcon_core.package_identification:_identify(mbot_localization) by extensions ['colcon_pkg']
[0.885s] Level 1:colcon.colcon_core.package_identification:_identify(mbot_localization) by extension 'colcon_pkg'
[0.885s] Level 1:colcon.colcon_core.package_identification:_identify(mbot_localization) by extensions ['colcon_meta']
[0.885s] Level 1:colcon.colcon_core.package_identification:_identify(mbot_localization) by extension 'colcon_meta'
[0.885s] Level 1:colcon.colcon_core.package_identification:_identify(mbot_localization) by extensions ['ros']
[0.885s] Level 1:colcon.colcon_core.package_identification:_identify(mbot_localization) by extension 'ros'
[0.893s] DEBUG:colcon.colcon_core.package_identification:Package 'mbot_localization' with type 'ros.ament_cmake' and name 'mbot_localization'
[0.893s] Level 1:colcon.colcon_core.package_identification:_identify(mbot_mapping) by extensions ['ignore', 'ignore_ament_install']
[0.893s] Level 1:colcon.colcon_core.package_identification:_identify(mbot_mapping) by extension 'ignore'
[0.893s] Level 1:colcon.colcon_core.package_identification:_identify(mbot_mapping) by extension 'ignore_ament_install'
[0.894s] Level 1:colcon.colcon_core.package_identification:_identify(mbot_mapping) by extensions ['colcon_pkg']
[0.894s] Level 1:colcon.colcon_core.package_identification:_identify(mbot_mapping) by extension 'colcon_pkg'
[0.894s] Level 1:colcon.colcon_core.package_identification:_identify(mbot_mapping) by extensions ['colcon_meta']
[0.894s] Level 1:colcon.colcon_core.package_identification:_identify(mbot_mapping) by extension 'colcon_meta'
[0.894s] Level 1:colcon.colcon_core.package_identification:_identify(mbot_mapping) by extensions ['ros']
[0.894s] Level 1:colcon.colcon_core.package_identification:_identify(mbot_mapping) by extension 'ros'
[0.895s] DEBUG:colcon.colcon_core.package_identification:Package 'mbot_mapping' with type 'ros.ament_cmake' and name 'mbot_mapping'
[0.895s] Level 1:colcon.colcon_core.package_identification:_identify(mbot_nav) by extensions ['ignore', 'ignore_ament_install']
[0.896s] Level 1:colcon.colcon_core.package_identification:_identify(mbot_nav) by extension 'ignore'
[0.896s] Level 1:colcon.colcon_core.package_identification:_identify(mbot_nav) by extension 'ignore_ament_install'
[0.896s] Level 1:colcon.colcon_core.package_identification:_identify(mbot_nav) by extensions ['colcon_pkg']
[0.896s] Level 1:colcon.colcon_core.package_identification:_identify(mbot_nav) by extension 'colcon_pkg'
[0.896s] Level 1:colcon.colcon_core.package_identification:_identify(mbot_nav) by extensions ['colcon_meta']
[0.896s] Level 1:colcon.colcon_core.package_identification:_identify(mbot_nav) by extension 'colcon_meta'
[0.896s] Level 1:colcon.colcon_core.package_identification:_identify(mbot_nav) by extensions ['ros']
[0.896s] Level 1:colcon.colcon_core.package_identification:_identify(mbot_nav) by extension 'ros'
[0.897s] DEBUG:colcon.colcon_core.package_identification:Package 'mbot_nav' with type 'ros.ament_cmake' and name 'mbot_nav'
[0.897s] Level 1:colcon.colcon_core.package_identification:_identify(mbot_rosbags) by extensions ['ignore', 'ignore_ament_install']
[0.898s] Level 1:colcon.colcon_core.package_identification:_identify(mbot_rosbags) by extension 'ignore'
[0.898s] Level 1:colcon.colcon_core.package_identification:_identify(mbot_rosbags) by extension 'ignore_ament_install'
[0.898s] Level 1:colcon.colcon_core.package_identification:_identify(mbot_rosbags) by extensions ['colcon_pkg']
[0.898s] Level 1:colcon.colcon_core.package_identification:_identify(mbot_rosbags) by extension 'colcon_pkg'
[0.898s] Level 1:colcon.colcon_core.package_identification:_identify(mbot_rosbags) by extensions ['colcon_meta']
[0.898s] Level 1:colcon.colcon_core.package_identification:_identify(mbot_rosbags) by extension 'colcon_meta'
[0.898s] Level 1:colcon.colcon_core.package_identification:_identify(mbot_rosbags) by extensions ['ros']
[0.898s] Level 1:colcon.colcon_core.package_identification:_identify(mbot_rosbags) by extension 'ros'
[0.898s] Level 1:colcon.colcon_core.package_identification:_identify(mbot_rosbags) by extensions ['cmake', 'meson', 'python']
[0.898s] Level 1:colcon.colcon_core.package_identification:_identify(mbot_rosbags) by extension 'cmake'
[0.898s] Level 1:colcon.colcon_core.package_identification:_identify(mbot_rosbags) by extension 'meson'
[0.898s] Level 1:colcon.colcon_core.package_identification:_identify(mbot_rosbags) by extension 'python'
[0.898s] Level 1:colcon.colcon_core.package_identification:_identify(mbot_rosbags) by extensions ['python_setup_py']
[0.898s] Level 1:colcon.colcon_core.package_identification:_identify(mbot_rosbags) by extension 'python_setup_py'
[0.898s] Level 1:colcon.colcon_core.package_identification:_identify(mbot_rosbags/maze1) by extensions ['ignore', 'ignore_ament_install']
[0.899s] Level 1:colcon.colcon_core.package_identification:_identify(mbot_rosbags/maze1) by extension 'ignore'
[0.899s] Level 1:colcon.colcon_core.package_identification:_identify(mbot_rosbags/maze1) by extension 'ignore_ament_install'
[0.899s] Level 1:colcon.colcon_core.package_identification:_identify(mbot_rosbags/maze1) by extensions ['colcon_pkg']
[0.899s] Level 1:colcon.colcon_core.package_identification:_identify(mbot_rosbags/maze1) by extension 'colcon_pkg'
[0.899s] Level 1:colcon.colcon_core.package_identification:_identify(mbot_rosbags/maze1) by extensions ['colcon_meta']
[0.899s] Level 1:colcon.colcon_core.package_identification:_identify(mbot_rosbags/maze1) by extension 'colcon_meta'
[0.899s] Level 1:colcon.colcon_core.package_identification:_identify(mbot_rosbags/maze1) by extensions ['ros']
[0.899s] Level 1:colcon.colcon_core.package_identification:_identify(mbot_rosbags/maze1) by extension 'ros'
[0.899s] Level 1:colcon.colcon_core.package_identification:_identify(mbot_rosbags/maze1) by extensions ['cmake', 'meson', 'python']
[0.899s] Level 1:colcon.colcon_core.package_identification:_identify(mbot_rosbags/maze1) by extension 'cmake'
[0.899s] Level 1:colcon.colcon_core.package_identification:_identify(mbot_rosbags/maze1) by extension 'meson'
[0.899s] Level 1:colcon.colcon_core.package_identification:_identify(mbot_rosbags/maze1) by extension 'python'
[0.899s] Level 1:colcon.colcon_core.package_identification:_identify(mbot_rosbags/maze1) by extensions ['python_setup_py']
[0.899s] Level 1:colcon.colcon_core.package_identification:_identify(mbot_rosbags/maze1) by extension 'python_setup_py'
[0.899s] Level 1:colcon.colcon_core.package_identification:_identify(mbot_rosbags/slam_test) by extensions ['ignore', 'ignore_ament_install']
[0.899s] Level 1:colcon.colcon_core.package_identification:_identify(mbot_rosbags/slam_test) by extension 'ignore'
[0.900s] Level 1:colcon.colcon_core.package_identification:_identify(mbot_rosbags/slam_test) by extension 'ignore_ament_install'
[0.900s] Level 1:colcon.colcon_core.package_identification:_identify(mbot_rosbags/slam_test) by extensions ['colcon_pkg']
[0.900s] Level 1:colcon.colcon_core.package_identification:_identify(mbot_rosbags/slam_test) by extension 'colcon_pkg'
[0.900s] Level 1:colcon.colcon_core.package_identification:_identify(mbot_rosbags/slam_test) by extensions ['colcon_meta']
[0.900s] Level 1:colcon.colcon_core.package_identification:_identify(mbot_rosbags/slam_test) by extension 'colcon_meta'
[0.900s] Level 1:colcon.colcon_core.package_identification:_identify(mbot_rosbags/slam_test) by extensions ['ros']
[0.900s] Level 1:colcon.colcon_core.package_identification:_identify(mbot_rosbags/slam_test) by extension 'ros'
[0.900s] Level 1:colcon.colcon_core.package_identification:_identify(mbot_rosbags/slam_test) by extensions ['cmake', 'meson', 'python']
[0.900s] Level 1:colcon.colcon_core.package_identification:_identify(mbot_rosbags/slam_test) by extension 'cmake'
[0.900s] Level 1:colcon.colcon_core.package_identification:_identify(mbot_rosbags/slam_test) by extension 'meson'
[0.900s] Level 1:colcon.colcon_core.package_identification:_identify(mbot_rosbags/slam_test) by extension 'python'
[0.900s] Level 1:colcon.colcon_core.package_identification:_identify(mbot_rosbags/slam_test) by extensions ['python_setup_py']
[0.900s] Level 1:colcon.colcon_core.package_identification:_identify(mbot_rosbags/slam_test) by extension 'python_setup_py'
[0.900s] Level 1:colcon.colcon_core.package_identification:_identify(mbot_setpoint) by extensions ['ignore', 'ignore_ament_install']
[0.900s] Level 1:colcon.colcon_core.package_identification:_identify(mbot_setpoint) by extension 'ignore'
[0.900s] Level 1:colcon.colcon_core.package_identification:_identify(mbot_setpoint) by extension 'ignore_ament_install'
[0.900s] Level 1:colcon.colcon_core.package_identification:_identify(mbot_setpoint) by extensions ['colcon_pkg']
[0.901s] Level 1:colcon.colcon_core.package_identification:_identify(mbot_setpoint) by extension 'colcon_pkg'
[0.901s] Level 1:colcon.colcon_core.package_identification:_identify(mbot_setpoint) by extensions ['colcon_meta']
[0.901s] Level 1:colcon.colcon_core.package_identification:_identify(mbot_setpoint) by extension 'colcon_meta'
[0.901s] Level 1:colcon.colcon_core.package_identification:_identify(mbot_setpoint) by extensions ['ros']
[0.901s] Level 1:colcon.colcon_core.package_identification:_identify(mbot_setpoint) by extension 'ros'
[0.902s] DEBUG:colcon.colcon_core.package_identification:Package 'mbot_setpoint' with type 'ros.ament_cmake' and name 'mbot_setpoint'
[0.903s] Level 1:colcon.colcon_core.package_identification:_identify(mbot_slam) by extensions ['ignore', 'ignore_ament_install']
[0.903s] Level 1:colcon.colcon_core.package_identification:_identify(mbot_slam) by extension 'ignore'
[0.903s] Level 1:colcon.colcon_core.package_identification:_identify(mbot_slam) by extension 'ignore_ament_install'
[0.903s] Level 1:colcon.colcon_core.package_identification:_identify(mbot_slam) by extensions ['colcon_pkg']
[0.903s] Level 1:colcon.colcon_core.package_identification:_identify(mbot_slam) by extension 'colcon_pkg'
[0.903s] Level 1:colcon.colcon_core.package_identification:_identify(mbot_slam) by extensions ['colcon_meta']
[0.903s] Level 1:colcon.colcon_core.package_identification:_identify(mbot_slam) by extension 'colcon_meta'
[0.903s] Level 1:colcon.colcon_core.package_identification:_identify(mbot_slam) by extensions ['ros']
[0.903s] Level 1:colcon.colcon_core.package_identification:_identify(mbot_slam) by extension 'ros'
[0.905s] DEBUG:colcon.colcon_core.package_identification:Package 'mbot_slam' with type 'ros.ament_cmake' and name 'mbot_slam'
[0.905s] Level 1:colcon.colcon_core.package_discovery:discover_packages(recursive) using defaults
[0.905s] Level 1:colcon.colcon_core.package_discovery:discover_packages(ignore) discover
[0.906s] Level 1:colcon.colcon_core.package_discovery:discover_packages(ignore) using defaults
[0.906s] Level 1:colcon.colcon_core.package_discovery:discover_packages(path) discover
[0.906s] Level 1:colcon.colcon_core.package_discovery:discover_packages(path) using defaults
[0.938s] INFO:colcon.colcon_core.package_selection:Skipping not selected package 'mbot_localization' in 'mbot_localization'
[0.938s] INFO:colcon.colcon_core.package_selection:Skipping not selected package 'mbot_mapping' in 'mbot_mapping'
[0.938s] INFO:colcon.colcon_core.package_selection:Skipping not selected package 'mbot_setpoint' in 'mbot_setpoint'
[0.938s] INFO:colcon.colcon_core.package_selection:Skipping not selected package 'mbot_slam' in 'mbot_slam'
[0.939s] Level 1:colcon.colcon_core.package_discovery:discover_packages(prefix_path) check parameters
[0.939s] Level 1:colcon.colcon_core.package_discovery:discover_packages(prefix_path) discover
[0.946s] DEBUG:colcon.colcon_installed_package_information.package_discovery:Found 5 installed packages in /home/mbot/mbot_ros_labs/install
[0.947s] DEBUG:colcon.colcon_installed_package_information.package_discovery:Found 7 installed packages in /home/mbot/mbot_ws/install
[0.947s] DEBUG:colcon.colcon_installed_package_information.package_discovery:Found 3 installed packages in /home/mbot/microros_ws/install
[0.950s] DEBUG:colcon.colcon_installed_package_information.package_discovery:Found 399 installed packages in /opt/ros/jazzy
[0.952s] Level 1:colcon.colcon_core.package_discovery:discover_packages(prefix_path) using defaults
[1.067s] Level 5:colcon.colcon_core.verb:set package 'mbot_nav' build argument 'cmake_args' from command line to 'None'
[1.067s] Level 5:colcon.colcon_core.verb:set package 'mbot_nav' build argument 'cmake_target' from command line to 'None'
[1.067s] Level 5:colcon.colcon_core.verb:set package 'mbot_nav' build argument 'cmake_target_skip_unavailable' from command line to 'False'
[1.067s] Level 5:colcon.colcon_core.verb:set package 'mbot_nav' build argument 'cmake_clean_cache' from command line to 'False'
[1.067s] Level 5:colcon.colcon_core.verb:set package 'mbot_nav' build argument 'cmake_clean_first' from command line to 'False'
[1.067s] Level 5:colcon.colcon_core.verb:set package 'mbot_nav' build argument 'cmake_force_configure' from command line to 'False'
[1.067s] Level 5:colcon.colcon_core.verb:set package 'mbot_nav' build argument 'meson_args' from command line to '[]'
[1.067s] Level 5:colcon.colcon_core.verb:set package 'mbot_nav' build argument 'ament_cmake_args' from command line to 'None'
[1.067s] Level 5:colcon.colcon_core.verb:set package 'mbot_nav' build argument 'catkin_cmake_args' from command line to 'None'
[1.067s] Level 5:colcon.colcon_core.verb:set package 'mbot_nav' build argument 'catkin_skip_building_tests' from command line to 'False'
[1.067s] DEBUG:colcon.colcon_core.verb:Building package 'mbot_nav' with the following arguments: {'ament_cmake_args': None, 'build_base': '/home/mbot/mbot_ros_labs/src/build/mbot_nav', 'catkin_cmake_args': None, 'catkin_skip_building_tests': False, 'cmake_args': None, 'cmake_clean_cache': False, 'cmake_clean_first': False, 'cmake_force_configure': False, 'cmake_target': None, 'cmake_target_skip_unavailable': False, 'install_base': '/home/mbot/mbot_ros_labs/src/install/mbot_nav', 'merge_install': False, 'meson_args': [], 'path': '/home/mbot/mbot_ros_labs/src/mbot_nav', 'symlink_install': False, 'test_result_base': None}
[1.068s] INFO:colcon.colcon_core.executor:Executing jobs using 'parallel' executor
[1.069s] DEBUG:colcon.colcon_parallel_executor.executor.parallel:run_until_complete
[1.069s] INFO:colcon.colcon_ros.task.ament_cmake.build:Building ROS package in '/home/mbot/mbot_ros_labs/src/mbot_nav' with build type 'ament_cmake'
[1.070s] INFO:colcon.colcon_cmake.task.cmake.build:Building CMake package in '/home/mbot/mbot_ros_labs/src/mbot_nav'
[1.076s] INFO:colcon.colcon_core.plugin_system:Skipping extension 'colcon_core.shell.bat': Not used on non-Windows systems
[1.076s] INFO:colcon.colcon_core.shell:Skip shell extension 'powershell' for command environment: Not usable outside of PowerShell
[1.076s] DEBUG:colcon.colcon_core.shell:Skip shell extension 'dsv' for command environment
[1.093s] DEBUG:colcon.colcon_core.event_handler.log_command:Invoking command in '/home/mbot/mbot_ros_labs/src/build/mbot_nav': CMAKE_PREFIX_PATH=${CMAKE_PREFIX_PATH}:/home/mbot/mbot_ws/install/mbot_vision:/home/mbot/mbot_ws/install/mbot_bringup:/opt/ros/jazzy DEBUGINFOD_URLS=https://debuginfod.ubuntu.com /usr/bin/cmake /home/mbot/mbot_ros_labs/src/mbot_nav -DCMAKE_INSTALL_PREFIX=/home/mbot/mbot_ros_labs/src/install/mbot_nav
[5.591s] DEBUG:colcon.colcon_core.event_handler.log_command:Invoked command in '/home/mbot/mbot_ros_labs/src/build/mbot_nav' returned '0': CMAKE_PREFIX_PATH=${CMAKE_PREFIX_PATH}:/home/mbot/mbot_ws/install/mbot_vision:/home/mbot/mbot_ws/install/mbot_bringup:/opt/ros/jazzy DEBUGINFOD_URLS=https://debuginfod.ubuntu.com /usr/bin/cmake /home/mbot/mbot_ros_labs/src/mbot_nav -DCMAKE_INSTALL_PREFIX=/home/mbot/mbot_ros_labs/src/install/mbot_nav
[5.594s] DEBUG:colcon.colcon_core.event_handler.log_command:Invoking command in '/home/mbot/mbot_ros_labs/src/build/mbot_nav': CMAKE_PREFIX_PATH=${CMAKE_PREFIX_PATH}:/home/mbot/mbot_ws/install/mbot_vision:/home/mbot/mbot_ws/install/mbot_bringup:/opt/ros/jazzy DEBUGINFOD_URLS=https://debuginfod.ubuntu.com /usr/bin/cmake --build /home/mbot/mbot_ros_labs/src/build/mbot_nav -- -j4 -l4
[42.421s] DEBUG:colcon.colcon_core.event_handler.log_command:Invoked command in '/home/mbot/mbot_ros_labs/src/build/mbot_nav' returned '0': CMAKE_PREFIX_PATH=${CMAKE_PREFIX_PATH}:/home/mbot/mbot_ws/install/mbot_vision:/home/mbot/mbot_ws/install/mbot_bringup:/opt/ros/jazzy DEBUGINFOD_URLS=https://debuginfod.ubuntu.com /usr/bin/cmake --build /home/mbot/mbot_ros_labs/src/build/mbot_nav -- -j4 -l4
[42.444s] DEBUG:colcon.colcon_core.event_handler.log_command:Invoking command in '/home/mbot/mbot_ros_labs/src/build/mbot_nav': CMAKE_PREFIX_PATH=${CMAKE_PREFIX_PATH}:/home/mbot/mbot_ws/install/mbot_vision:/home/mbot/mbot_ws/install/mbot_bringup:/opt/ros/jazzy DEBUGINFOD_URLS=https://debuginfod.ubuntu.com /usr/bin/cmake --install /home/mbot/mbot_ros_labs/src/build/mbot_nav
[42.512s] Level 1:colcon.colcon_core.environment:create_environment_scripts_only(mbot_nav)
[42.512s] DEBUG:colcon.colcon_core.event_handler.log_command:Invoked command in '/home/mbot/mbot_ros_labs/src/build/mbot_nav' returned '0': CMAKE_PREFIX_PATH=${CMAKE_PREFIX_PATH}:/home/mbot/mbot_ws/install/mbot_vision:/home/mbot/mbot_ws/install/mbot_bringup:/opt/ros/jazzy DEBUGINFOD_URLS=https://debuginfod.ubuntu.com /usr/bin/cmake --install /home/mbot/mbot_ros_labs/src/build/mbot_nav
[42.518s] Level 1:colcon.colcon_core.environment:checking '/home/mbot/mbot_ros_labs/src/install/mbot_nav' for CMake module files
[42.519s] Level 1:colcon.colcon_core.environment:checking '/home/mbot/mbot_ros_labs/src/install/mbot_nav' for CMake config files
[42.520s] Level 1:colcon.colcon_core.shell:create_environment_hook('mbot_nav', 'cmake_prefix_path')
[42.520s] INFO:colcon.colcon_core.shell:Creating environment hook '/home/mbot/mbot_ros_labs/src/install/mbot_nav/share/mbot_nav/hook/cmake_prefix_path.ps1'
[42.522s] INFO:colcon.colcon_core.shell:Creating environment descriptor '/home/mbot/mbot_ros_labs/src/install/mbot_nav/share/mbot_nav/hook/cmake_prefix_path.dsv'
[42.522s] INFO:colcon.colcon_core.shell:Creating environment hook '/home/mbot/mbot_ros_labs/src/install/mbot_nav/share/mbot_nav/hook/cmake_prefix_path.sh'
[42.524s] Level 1:colcon.colcon_core.environment:checking '/home/mbot/mbot_ros_labs/src/install/mbot_nav/lib'
[42.524s] Level 1:colcon.colcon_core.environment:checking '/home/mbot/mbot_ros_labs/src/install/mbot_nav/bin'
[42.524s] Level 1:colcon.colcon_core.environment:checking '/home/mbot/mbot_ros_labs/src/install/mbot_nav/lib/pkgconfig/mbot_nav.pc'
[42.524s] Level 1:colcon.colcon_core.environment:checking '/home/mbot/mbot_ros_labs/src/install/mbot_nav/lib/python3.12/site-packages'
[42.525s] Level 1:colcon.colcon_core.environment:checking '/home/mbot/mbot_ros_labs/src/install/mbot_nav/bin'
[42.525s] INFO:colcon.colcon_core.shell:Creating package script '/home/mbot/mbot_ros_labs/src/install/mbot_nav/share/mbot_nav/package.ps1'
[42.527s] INFO:colcon.colcon_core.shell:Creating package descriptor '/home/mbot/mbot_ros_labs/src/install/mbot_nav/share/mbot_nav/package.dsv'
[42.528s] INFO:colcon.colcon_core.shell:Creating package script '/home/mbot/mbot_ros_labs/src/install/mbot_nav/share/mbot_nav/package.sh'
[42.530s] INFO:colcon.colcon_core.shell:Creating package script '/home/mbot/mbot_ros_labs/src/install/mbot_nav/share/mbot_nav/package.bash'
[42.531s] INFO:colcon.colcon_core.shell:Creating package script '/home/mbot/mbot_ros_labs/src/install/mbot_nav/share/mbot_nav/package.zsh'
[42.532s] Level 1:colcon.colcon_core.environment:create_file_with_runtime_dependencies(/home/mbot/mbot_ros_labs/src/install/mbot_nav/share/colcon-core/packages/mbot_nav)
[42.533s] Level 1:colcon.colcon_core.environment:create_environment_scripts_only(mbot_nav)
[42.533s] Level 1:colcon.colcon_core.environment:checking '/home/mbot/mbot_ros_labs/src/install/mbot_nav' for CMake module files
[42.534s] Level 1:colcon.colcon_core.environment:checking '/home/mbot/mbot_ros_labs/src/install/mbot_nav' for CMake config files
[42.535s] Level 1:colcon.colcon_core.shell:create_environment_hook('mbot_nav', 'cmake_prefix_path')
[42.535s] INFO:colcon.colcon_core.shell:Creating environment hook '/home/mbot/mbot_ros_labs/src/install/mbot_nav/share/mbot_nav/hook/cmake_prefix_path.ps1'
[42.535s] INFO:colcon.colcon_core.shell:Creating environment descriptor '/home/mbot/mbot_ros_labs/src/install/mbot_nav/share/mbot_nav/hook/cmake_prefix_path.dsv'
[42.536s] INFO:colcon.colcon_core.shell:Creating environment hook '/home/mbot/mbot_ros_labs/src/install/mbot_nav/share/mbot_nav/hook/cmake_prefix_path.sh'
[42.537s] Level 1:colcon.colcon_core.environment:checking '/home/mbot/mbot_ros_labs/src/install/mbot_nav/lib'
[42.538s] Level 1:colcon.colcon_core.environment:checking '/home/mbot/mbot_ros_labs/src/install/mbot_nav/bin'
[42.538s] Level 1:colcon.colcon_core.environment:checking '/home/mbot/mbot_ros_labs/src/install/mbot_nav/lib/pkgconfig/mbot_nav.pc'
[42.538s] Level 1:colcon.colcon_core.environment:checking '/home/mbot/mbot_ros_labs/src/install/mbot_nav/lib/python3.12/site-packages'
[42.538s] Level 1:colcon.colcon_core.environment:checking '/home/mbot/mbot_ros_labs/src/install/mbot_nav/bin'
[42.539s] INFO:colcon.colcon_core.shell:Creating package script '/home/mbot/mbot_ros_labs/src/install/mbot_nav/share/mbot_nav/package.ps1'
[42.539s] INFO:colcon.colcon_core.shell:Creating package descriptor '/home/mbot/mbot_ros_labs/src/install/mbot_nav/share/mbot_nav/package.dsv'
[42.540s] INFO:colcon.colcon_core.shell:Creating package script '/home/mbot/mbot_ros_labs/src/install/mbot_nav/share/mbot_nav/package.sh'
[42.541s] INFO:colcon.colcon_core.shell:Creating package script '/home/mbot/mbot_ros_labs/src/install/mbot_nav/share/mbot_nav/package.bash'
[42.542s] INFO:colcon.colcon_core.shell:Creating package script '/home/mbot/mbot_ros_labs/src/install/mbot_nav/share/mbot_nav/package.zsh'
[42.543s] Level 1:colcon.colcon_core.environment:create_file_with_runtime_dependencies(/home/mbot/mbot_ros_labs/src/install/mbot_nav/share/colcon-core/packages/mbot_nav)
[42.545s] DEBUG:colcon.colcon_parallel_executor.executor.parallel:closing loop
[42.545s] DEBUG:colcon.colcon_parallel_executor.executor.parallel:loop closed
[42.545s] DEBUG:colcon.colcon_parallel_executor.executor.parallel:run_until_complete finished with '0'
[42.545s] DEBUG:colcon.colcon_core.event_reactor:joining thread
[42.557s] INFO:colcon.colcon_core.plugin_system:Skipping extension 'colcon_notification.desktop_notification.terminal_notifier': Not used on non-Darwin systems
[42.557s] INFO:colcon.colcon_core.plugin_system:Skipping extension 'colcon_notification.desktop_notification.win32': Not used on non-Windows systems
[42.557s] INFO:colcon.colcon_notification.desktop_notification:Sending desktop notification using 'notify2'
[42.618s] DEBUG:colcon.colcon_core.event_reactor:joined thread
[42.619s] INFO:colcon.colcon_core.shell:Creating prefix script '/home/mbot/mbot_ros_labs/src/install/local_setup.ps1'
[42.621s] INFO:colcon.colcon_core.shell:Creating prefix util module '/home/mbot/mbot_ros_labs/src/install/_local_setup_util_ps1.py'
[42.625s] INFO:colcon.colcon_core.shell:Creating prefix chain script '/home/mbot/mbot_ros_labs/src/install/setup.ps1'
[42.629s] INFO:colcon.colcon_core.shell:Creating prefix script '/home/mbot/mbot_ros_labs/src/install/local_setup.sh'
[42.633s] INFO:colcon.colcon_core.shell:Creating prefix util module '/home/mbot/mbot_ros_labs/src/install/_local_setup_util_sh.py'
[42.635s] INFO:colcon.colcon_core.shell:Creating prefix chain script '/home/mbot/mbot_ros_labs/src/install/setup.sh'
[42.648s] INFO:colcon.colcon_core.shell:Creating prefix script '/home/mbot/mbot_ros_labs/src/install/local_setup.bash'
[42.651s] INFO:colcon.colcon_core.shell:Creating prefix chain script '/home/mbot/mbot_ros_labs/src/install/setup.bash'
[42.657s] INFO:colcon.colcon_core.shell:Creating prefix script '/home/mbot/mbot_ros_labs/src/install/local_setup.zsh'
[42.660s] INFO:colcon.colcon_core.shell:Creating prefix chain script '/home/mbot/mbot_ros_labs/src/install/setup.zsh'
