[ 22%] Built target obstacle_distance_grid
[ 88%] Built target navigation_node
[100%] Built target exploration_node
-- Install configuration: ""
-- Up-to-date: /home/mbot/mbot_ros_labs/src/install/mbot_nav/lib/mbot_nav/navigation_node
-- Up-to-date: /home/mbot/mbot_ros_labs/src/install/mbot_nav/lib/mbot_nav/exploration_node
-- Up-to-date: /home/mbot/mbot_ros_labs/src/install/mbot_nav/lib/libobstacle_distance_grid.a
-- Up-to-date: /home/mbot/mbot_ros_labs/src/install/mbot_nav/share/mbot_nav/include
-- Up-to-date: /home/mbot/mbot_ros_labs/src/install/mbot_nav/share/mbot_nav/include/navigation_node.hpp
-- Up-to-date: /home/mbot/mbot_ros_labs/src/install/mbot_nav/share/mbot_nav/include/obstacle_distance_grid.hpp
-- Up-to-date: /home/mbot/mbot_ros_labs/src/install/mbot_nav/share/mbot_nav/include/exploration_node.hpp
-- Up-to-date: /home/mbot/mbot_ros_labs/src/install/mbot_nav/share/mbot_nav/include/astar.hpp
-- Up-to-date: /home/mbot/mbot_ros_labs/src/install/mbot_nav/share/mbot_nav/include/frontier_explorer.hpp
-- Up-to-date: /home/mbot/mbot_ros_labs/src/install/mbot_nav/share/mbot_nav/maps
-- Up-to-date: /home/mbot/mbot_ros_labs/src/install/mbot_nav/share/mbot_nav/maps/maze2.pgm
-- Up-to-date: /home/mbot/mbot_ros_labs/src/install/mbot_nav/share/mbot_nav/maps/maze1.pgm
-- Installing: /home/mbot/mbot_ros_labs/src/install/mbot_nav/share/mbot_nav/maps/ckpt3new.yaml
-- Up-to-date: /home/mbot/mbot_ros_labs/src/install/mbot_nav/share/mbot_nav/maps/maze2.yaml
-- Up-to-date: /home/mbot/mbot_ros_labs/src/install/mbot_nav/share/mbot_nav/maps/ckpt3.pgm
-- Up-to-date: /home/mbot/mbot_ros_labs/src/install/mbot_nav/share/mbot_nav/maps/ckpt3.yaml
-- Installing: /home/mbot/mbot_ros_labs/src/install/mbot_nav/share/mbot_nav/maps/ckpt3new.pgm
-- Up-to-date: /home/mbot/mbot_ros_labs/src/install/mbot_nav/share/mbot_nav/maps/maze1.yaml
-- Up-to-date: /home/mbot/mbot_ros_labs/src/install/mbot_nav/share/mbot_nav/launch
-- Up-to-date: /home/mbot/mbot_ros_labs/src/install/mbot_nav/share/mbot_nav/launch/path_planning.launch.py
-- Up-to-date: /home/mbot/mbot_ros_labs/src/install/mbot_nav/share/mbot_nav/rviz
-- Up-to-date: /home/mbot/mbot_ros_labs/src/install/mbot_nav/share/mbot_nav/rviz/path_planning.rviz
-- Up-to-date: /home/mbot/mbot_ros_labs/src/install/mbot_nav/share/ament_index/resource_index/package_run_dependencies/mbot_nav
-- Up-to-date: /home/mbot/mbot_ros_labs/src/install/mbot_nav/share/ament_index/resource_index/parent_prefix_path/mbot_nav
-- Up-to-date: /home/mbot/mbot_ros_labs/src/install/mbot_nav/share/mbot_nav/environment/ament_prefix_path.sh
-- Up-to-date: /home/mbot/mbot_ros_labs/src/install/mbot_nav/share/mbot_nav/environment/ament_prefix_path.dsv
-- Up-to-date: /home/mbot/mbot_ros_labs/src/install/mbot_nav/share/mbot_nav/environment/path.sh
-- Up-to-date: /home/mbot/mbot_ros_labs/src/install/mbot_nav/share/mbot_nav/environment/path.dsv
-- Up-to-date: /home/mbot/mbot_ros_labs/src/install/mbot_nav/share/mbot_nav/local_setup.bash
-- Up-to-date: /home/mbot/mbot_ros_labs/src/install/mbot_nav/share/mbot_nav/local_setup.sh
-- Up-to-date: /home/mbot/mbot_ros_labs/src/install/mbot_nav/share/mbot_nav/local_setup.zsh
-- Up-to-date: /home/mbot/mbot_ros_labs/src/install/mbot_nav/share/mbot_nav/local_setup.dsv
-- Installing: /home/mbot/mbot_ros_labs/src/install/mbot_nav/share/mbot_nav/package.dsv
-- Up-to-date: /home/mbot/mbot_ros_labs/src/install/mbot_nav/share/ament_index/resource_index/packages/mbot_nav
-- Up-to-date: /home/mbot/mbot_ros_labs/src/install/mbot_nav/share/mbot_nav/cmake/mbot_navConfig.cmake
-- Up-to-date: /home/mbot/mbot_ros_labs/src/install/mbot_nav/share/mbot_nav/cmake/mbot_navConfig-version.cmake
-- Up-to-date: /home/mbot/mbot_ros_labs/src/install/mbot_nav/share/mbot_nav/package.xml
